<?xml version="1.0" encoding="UTF-8"?>
<!-- Generated by org.testng.reporters.JUnitXMLReporter -->
<testsuite hostname="gorozheyev" name="Parallel Tests" tests="71" failures="2" timestamp="23 Jun 2017 08:08:35 GMT" time="1535.738" errors="0">
  <testcase name="blockPartners" time="48.158" classname="com.example.tests.TestsForMainPage"/>
  <testcase name="checkTypeOfCurrency" time="41.503" classname="com.example.tests.SearchFilterTests"/>
  <testcase name="checkCkickOnLogo" time="30.852" classname="com.example.tests.TestsForMainPage"/>
  <testcase name="checkboxHasPhoto" time="27.719" classname="com.example.tests.SearchFilterTests"/>
  <testcase name="checkClickAndTitleOnLastAdverts" time="20.297" classname="com.example.tests.TestsForMainPage"/>
  <testcase name="checkClickAndTitlesInBlockCatalogOnMainPage" time="50.635" classname="com.example.tests.TestsForMainPage"/>
  <testcase name="choiceMarkAndModel" time="69.387" classname="com.example.tests.SearchFilterTests"/>
  <testcase name="choiceModelWithoutMark" time="49.18" classname="com.example.tests.SearchFilterTests"/>
  <testcase name="checkClickAndTitlesInBlockTestDrivesOnMainPage" time="56.331" classname="com.example.tests.TestsForMainPage"/>
  <testcase name="dropDownMenuHeaderFifthdPart" time="216.256" classname="com.example.tests.ClickOnAllLinksInMainMenuHeader"/>
  <testcase name="countInTooltipAndInH1" time="43.862" classname="com.example.tests.SearchFilterTests"/>
  <testcase name="mileageFrom" time="36.839" classname="com.example.tests.SearchFilterTests"/>
  <testcase name="mileageFromTo" time="56.815" classname="com.example.tests.SearchFilterTests"/>
  <testcase name="checkTitleAndCklickOnServices" time="173.691" classname="com.example.tests.TestsForMainPage"/>
  <testcase name="checkTitleAndClickOnArticles" time="27.062" classname="com.example.tests.TestsForMainPage"/>
  <testcase name="checkTitleOnMainPage" time="6.288" classname="com.example.tests.TestsForMainPage">
    <failure type="java.lang.AssertionError" message="Пропали тайтлы у марок на главной странице">
      <![CDATA[java.lang.AssertionError: Пропали тайтлы у марок на главной странице
	at com.example.tests.TestsForMainPage.checkTitleOnMainPage(TestsForMainPage.java:85)
	at java.util.concurrent.ThreadPoolExecutor.runWorker(ThreadPoolExecutor.java:1142)
	at java.util.concurrent.ThreadPoolExecutor$Worker.run(ThreadPoolExecutor.java:617)
	at java.lang.Thread.run(Thread.java:745)
... Removed 11 stack frames]]>
    </failure>
  </testcase> <!-- checkTitleOnMainPage -->
  <testcase name="checkTitlesAndGoToAllCityesPage" time="13.97" classname="com.example.tests.TestsForMainPage"/>
  <testcase name="dropDownMenuHeaderFirstPart" time="210.332" classname="com.example.tests.ClickOnAllLinksInMainMenuHeader"/>
  <testcase name="openAdditionalFilters" time="96.228" classname="com.example.tests.SearchFilterTests"/>
  <testcase name="checkTitlesTopCategory" time="28.573" classname="com.example.tests.TestsForMainPage"/>
  <testcase name="checkTitlesTopCategoryMoscow" time="42.911" classname="com.example.tests.TestsForMainPage"/>
  <testcase name="paginationTest" time="79.8" classname="com.example.tests.SearchFilterTests"/>
  <testcase name="priceFrom" time="28.432" classname="com.example.tests.SearchFilterTests"/>
  <testcase name="priceFromTo" time="30.666" classname="com.example.tests.SearchFilterTests"/>
  <testcase name="priceTo" time="28.351" classname="com.example.tests.SearchFilterTests"/>
  <testcase name="yearFrom" time="27.247" classname="com.example.tests.SearchFilterTests"/>
  <testcase name="yearFromYearTo" time="27.601" classname="com.example.tests.SearchFilterTests"/>
  <testcase name="checkTopCategoryInFooter" time="175.676" classname="com.example.tests.TestsForMainPage"/>
  <testcase name="yearTo" time="25.684" classname="com.example.tests.SearchFilterTests"/>
  <testcase name="dropDownMenuHeaderForthdPart" time="250.838" classname="com.example.tests.ClickOnAllLinksInMainMenuHeader"/>
  <testcase name="checkUpFines" time="24.153" classname="com.example.tests.TestsForMainPage"/>
  <testcase name="choiceDifferentGrafics" time="21.368" classname="com.example.tests.TestsForMainPage"/>
  <testcase name="breadCrumbs" time="18.697" classname="com.example.tests.SearchPage"/>
  <testcase name="chooseLocationInHeder" time="19.499" classname="com.example.tests.TestsForMainPage"/>
  <testcase name="ckickOnButtonAddAdvert" time="12.974" classname="com.example.tests.TestsForMainPage"/>
  <testcase name="breadCrumbsWithMark" time="29.478" classname="com.example.tests.SearchPage"/>
  <testcase name="clickOnTextLogo" time="24.396" classname="com.example.tests.TestsForMainPage"/>
  <testcase name="breadCrumbsWithMarkAndModel" time="26.103" classname="com.example.tests.SearchPage"/>
  <testcase name="clickOnSubscriptionButton" time="12.1" classname="com.example.tests.SearchPage"/>
  <testcase name="countAdvertsOnSearchPage" time="12.103" classname="com.example.tests.SearchPage"/>
  <testcase name="goToMarkPageAndToAllBrandsPage" time="40.161" classname="com.example.tests.TestsForMainPage">
    <failure type="java.lang.AssertionError" message="Не отображаются тайтлы марок на странице Всех марок">
      <![CDATA[java.lang.AssertionError: Не отображаются тайтлы марок на странице Всех марок
	at com.example.tests.TestsForMainPage.goToMarkPageAndToAllBrandsPage(TestsForMainPage.java:101)
	at java.util.concurrent.ThreadPoolExecutor.runWorker(ThreadPoolExecutor.java:1142)
	at java.util.concurrent.ThreadPoolExecutor$Worker.run(ThreadPoolExecutor.java:617)
	at java.lang.Thread.run(Thread.java:745)
... Removed 11 stack frames]]>
    </failure>
  </testcase> <!-- goToMarkPageAndToAllBrandsPage -->
  <testcase name="presenceElementsOnMainPage" time="6.651" classname="com.example.tests.TestsForMainPage"/>
  <testcase name="presenceElementsOnMainPageMoskov" time="20.021" classname="com.example.tests.TestsForMainPage"/>
  <testcase name="customLinksUnderTabs" time="50.084" classname="com.example.tests.SearchPage"/>
  <testcase name="presenceTabsAndClickThem" time="13.031" classname="com.example.tests.SearchPage"/>
  <testcase name="presenceIconsOfSocialNetworks" time="42.035" classname="com.example.tests.TestsForMainPage"/>
  <testcase name="presenceSeoTextInFooter" time="5.965" classname="com.example.tests.TestsForMainPage"/>
  <testcase name="searchFieldWithPressedTabsCatalog" time="14.381" classname="com.example.tests.TestsForMainPage"/>
  <testcase name="dropDownMenuHeaderSecondPart" time="230.729" classname="com.example.tests.ClickOnAllLinksInMainMenuHeader"/>
  <testcase name="testSearchFieldWithPressedTabs" time="53.321" classname="com.example.tests.TestsForMainPage"/>
  <testcase name="testSearchFilterWithWalue" time="18.243" classname="com.example.tests.TestsForMainPage"/>
  <testcase name="sortingBy" time="107.475" classname="com.example.tests.SearchPage"/>
  <testcase name="testWithEmptySearchFilter" time="19.484" classname="com.example.tests.TestsForMainPage"/>
  <testcase name="adpageSeo" time="11.334" classname="com.example.tests.SeoRequirementsTests"/>
  <testcase name="markPageSeo" time="10.335" classname="com.example.tests.SeoRequirementsTests"/>
  <testcase name="checkCountAdverts" time="19.399" classname="com.example.tests.CurrentTests"/>
  <testcase name="markPlusAuxiliaryFiltersPageSeo" time="10.696" classname="com.example.tests.SeoRequirementsTests"/>
  <testcase name="markPlusModePlusAuxiliaryFilterslPageSeo" time="11.184" classname="com.example.tests.SeoRequirementsTests"/>
  <testcase name="markPlusModelPageSeo" time="11.911" classname="com.example.tests.SeoRequirementsTests"/>
  <testcase name="nofollowOnMainPage" time="18.133" classname="com.example.tests.SeoRequirementsTests"/>
  <testcase name="initPopapOnFirstAndSecondSearchPages" time="58.322" classname="com.example.tests.CurrentTests"/>
  <testcase name="openStoOnMainPage" time="14.9" classname="com.example.tests.CurrentTests"/>
  <testcase name="dropDownMenuHeaderSixdPart" time="192.476" classname="com.example.tests.ClickOnAllLinksInMainMenuHeader"/>
  <testcase name="dropDownMenuHeaderThirdPart" time="192.59" classname="com.example.tests.ClickOnAllLinksInMainMenuHeader"/>
  <testcase name="outclicksOnAdvert" time="242.29" classname="com.example.tests.SeoRequirementsTests"/>
  <testcase name="seoForCastomLinksInTabs" time="126.011" classname="com.example.tests.SeoRequirementsTests"/>
  <testcase name="seoMetaOnCustomLinkPages" time="23.81" classname="com.example.tests.SeoRequirementsTests"/>
  <testcase name="seoMetaOnMainPage" time="33.073" classname="com.example.tests.SeoRequirementsTests"/>
  <testcase name="seoOnLocationSearchPageCar" time="7.982" classname="com.example.tests.SeoRequirementsTests"/>
  <testcase name="seoOnMainSearchPageCar" time="8.313" classname="com.example.tests.SeoRequirementsTests"/>
  <testcase name="seoOnSearchPageOtherCategories" time="7.558" classname="com.example.tests.SeoRequirementsTests"/>
</testsuite> <!-- Parallel Tests -->
