<?xml version="1.0" encoding="UTF-8" standalone="yes"?>
<ns2:test-suite start="1514547100575" stop="1514549099944" version="1.5.4" xmlns:ns2="urn:model.allure.qatools.yandex.ru">
    <name>Suite : Parallel Tests</name>
    <title>Suite : Parallel Tests</title>
    <test-cases>
        <test-case start="1514547133037" stop="1514547207918" status="passed">
            <name>blockPartners</name>
            <steps/>
            <attachments/>
            <labels>
                <label name="testSuite" value="Suite"/>
                <label name="testGroup" value="Parallel Tests"/>
                <label name="testClass" value="com.example.tests.TestsForMainPage"/>
                <label name="testMethod" value="blockPartners"/>
                <label name="host" value="GorozheevPC"/>
                <label name="thread" value="10112@GorozheevPC.pool-1-thread-1(13)"/>
            </labels>
        </test-case>
        <test-case start="1514547143338" stop="1514547155126" status="passed">
            <name>adpageSeo</name>
            <steps/>
            <attachments/>
            <labels>
                <label name="testSuite" value="Suite"/>
                <label name="testGroup" value="Parallel Tests"/>
                <label name="testClass" value="com.example.tests.SeoRequirementsTests"/>
                <label name="testMethod" value="adpageSeo"/>
                <label name="host" value="GorozheevPC"/>
                <label name="thread" value="10112@GorozheevPC.pool-1-thread-3(15)"/>
            </labels>
        </test-case>
        <test-case start="1514547155136" stop="1514547171066" status="passed">
            <name>markPageSeo</name>
            <steps/>
            <attachments/>
            <labels>
                <label name="testSuite" value="Suite"/>
                <label name="testGroup" value="Parallel Tests"/>
                <label name="testClass" value="com.example.tests.SeoRequirementsTests"/>
                <label name="testMethod" value="markPageSeo"/>
                <label name="host" value="GorozheevPC"/>
                <label name="thread" value="10112@GorozheevPC.pool-1-thread-3(15)"/>
            </labels>
        </test-case>
        <test-case start="1514547163929" stop="1514547218111" status="passed">
            <name>checkTypeOfCurrency</name>
            <steps/>
            <attachments/>
            <labels>
                <label name="testSuite" value="Suite"/>
                <label name="testGroup" value="Parallel Tests"/>
                <label name="testClass" value="com.example.tests.SearchFilterTests"/>
                <label name="testMethod" value="checkTypeOfCurrency"/>
                <label name="host" value="GorozheevPC"/>
                <label name="thread" value="10112@GorozheevPC.pool-1-thread-2(14)"/>
            </labels>
        </test-case>
        <test-case start="1514547171076" stop="1514547187033" status="passed">
            <name>markPlusAuxiliaryFiltersPageSeo</name>
            <steps/>
            <attachments/>
            <labels>
                <label name="testSuite" value="Suite"/>
                <label name="testGroup" value="Parallel Tests"/>
                <label name="testClass" value="com.example.tests.SeoRequirementsTests"/>
                <label name="testMethod" value="markPlusAuxiliaryFiltersPageSeo"/>
                <label name="host" value="GorozheevPC"/>
                <label name="thread" value="10112@GorozheevPC.pool-1-thread-3(15)"/>
            </labels>
        </test-case>
        <test-case start="1514547187040" stop="1514547207916" status="passed">
            <name>markPlusModePlusAuxiliaryFilterslPageSeo</name>
            <steps/>
            <attachments/>
            <labels>
                <label name="testSuite" value="Suite"/>
                <label name="testGroup" value="Parallel Tests"/>
                <label name="testClass" value="com.example.tests.SeoRequirementsTests"/>
                <label name="testMethod" value="markPlusModePlusAuxiliaryFilterslPageSeo"/>
                <label name="host" value="GorozheevPC"/>
                <label name="thread" value="10112@GorozheevPC.pool-1-thread-3(15)"/>
            </labels>
        </test-case>
        <test-case start="1514547207933" stop="1514547251917" status="passed">
            <name>checkCkickOnLogo</name>
            <steps/>
            <attachments/>
            <labels>
                <label name="testSuite" value="Suite"/>
                <label name="testGroup" value="Parallel Tests"/>
                <label name="testClass" value="com.example.tests.TestsForMainPage"/>
                <label name="testMethod" value="checkCkickOnLogo"/>
                <label name="host" value="GorozheevPC"/>
                <label name="thread" value="10112@GorozheevPC.pool-1-thread-1(13)"/>
            </labels>
        </test-case>
        <test-case start="1514547207945" stop="1514547225293" status="passed">
            <name>markPlusModelPageSeo</name>
            <steps/>
            <attachments/>
            <labels>
                <label name="testSuite" value="Suite"/>
                <label name="testGroup" value="Parallel Tests"/>
                <label name="testClass" value="com.example.tests.SeoRequirementsTests"/>
                <label name="testMethod" value="markPlusModelPageSeo"/>
                <label name="host" value="GorozheevPC"/>
                <label name="thread" value="10112@GorozheevPC.pool-1-thread-3(15)"/>
            </labels>
        </test-case>
        <test-case start="1514547218121" stop="1514547250295" status="passed">
            <name>checkboxHasPhoto</name>
            <steps/>
            <attachments/>
            <labels>
                <label name="testSuite" value="Suite"/>
                <label name="testGroup" value="Parallel Tests"/>
                <label name="testClass" value="com.example.tests.SearchFilterTests"/>
                <label name="testMethod" value="checkboxHasPhoto"/>
                <label name="host" value="GorozheevPC"/>
                <label name="thread" value="10112@GorozheevPC.pool-1-thread-2(14)"/>
            </labels>
        </test-case>
        <test-case start="1514547225297" stop="1514547254524" status="passed">
            <name>nofollowOnMainPage</name>
            <steps/>
            <attachments/>
            <labels>
                <label name="testSuite" value="Suite"/>
                <label name="testGroup" value="Parallel Tests"/>
                <label name="testClass" value="com.example.tests.SeoRequirementsTests"/>
                <label name="testMethod" value="nofollowOnMainPage"/>
                <label name="host" value="GorozheevPC"/>
                <label name="thread" value="10112@GorozheevPC.pool-1-thread-3(15)"/>
            </labels>
        </test-case>
        <test-case start="1514547250299" stop="1514547304840" status="passed">
            <name>choiceMarkAndModel</name>
            <steps/>
            <attachments/>
            <labels>
                <label name="testSuite" value="Suite"/>
                <label name="testGroup" value="Parallel Tests"/>
                <label name="testClass" value="com.example.tests.SearchFilterTests"/>
                <label name="testMethod" value="choiceMarkAndModel"/>
                <label name="host" value="GorozheevPC"/>
                <label name="thread" value="10112@GorozheevPC.pool-1-thread-2(14)"/>
            </labels>
        </test-case>
        <test-case start="1514547251920" stop="1514547279305" status="passed">
            <name>checkClickAndTitleOnLastAdverts</name>
            <steps/>
            <attachments/>
            <labels>
                <label name="testSuite" value="Suite"/>
                <label name="testGroup" value="Parallel Tests"/>
                <label name="testClass" value="com.example.tests.TestsForMainPage"/>
                <label name="testMethod" value="checkClickAndTitleOnLastAdverts"/>
                <label name="host" value="GorozheevPC"/>
                <label name="thread" value="10112@GorozheevPC.pool-1-thread-1(13)"/>
            </labels>
        </test-case>
        <test-case start="1514547254527" stop="1514547301267" status="passed">
            <name>noidexOnEnginevolumePages</name>
            <steps/>
            <attachments/>
            <labels>
                <label name="testSuite" value="Suite"/>
                <label name="testGroup" value="Parallel Tests"/>
                <label name="testClass" value="com.example.tests.SeoRequirementsTests"/>
                <label name="testMethod" value="noidexOnEnginevolumePages"/>
                <label name="host" value="GorozheevPC"/>
                <label name="thread" value="10112@GorozheevPC.pool-1-thread-3(15)"/>
            </labels>
        </test-case>
        <test-case start="1514547279309" stop="1514547343377" status="passed">
            <name>checkClickAndTitlesInBlockCatalogOnMainPage</name>
            <steps/>
            <attachments/>
            <labels>
                <label name="testSuite" value="Suite"/>
                <label name="testGroup" value="Parallel Tests"/>
                <label name="testClass" value="com.example.tests.TestsForMainPage"/>
                <label name="testMethod" value="checkClickAndTitlesInBlockCatalogOnMainPage"/>
                <label name="host" value="GorozheevPC"/>
                <label name="thread" value="10112@GorozheevPC.pool-1-thread-1(13)"/>
            </labels>
        </test-case>
        <test-case start="1514547301270" stop="1514547530985" status="passed">
            <name>noindexOnPages</name>
            <steps/>
            <attachments/>
            <labels>
                <label name="testSuite" value="Suite"/>
                <label name="testGroup" value="Parallel Tests"/>
                <label name="testClass" value="com.example.tests.SeoRequirementsTests"/>
                <label name="testMethod" value="noindexOnPages"/>
                <label name="host" value="GorozheevPC"/>
                <label name="thread" value="10112@GorozheevPC.pool-1-thread-3(15)"/>
            </labels>
        </test-case>
        <test-case start="1514547304843" stop="1514547361593" status="passed">
            <name>choiceModelWithoutMark</name>
            <steps/>
            <attachments/>
            <labels>
                <label name="testSuite" value="Suite"/>
                <label name="testGroup" value="Parallel Tests"/>
                <label name="testClass" value="com.example.tests.SearchFilterTests"/>
                <label name="testMethod" value="choiceModelWithoutMark"/>
                <label name="host" value="GorozheevPC"/>
                <label name="thread" value="10112@GorozheevPC.pool-1-thread-2(14)"/>
            </labels>
        </test-case>
        <test-case start="1514547343384" stop="1514547412803" status="passed">
            <name>checkClickAndTitlesInBlockTestDrivesOnMainPage</name>
            <steps/>
            <attachments/>
            <labels>
                <label name="testSuite" value="Suite"/>
                <label name="testGroup" value="Parallel Tests"/>
                <label name="testClass" value="com.example.tests.TestsForMainPage"/>
                <label name="testMethod" value="checkClickAndTitlesInBlockTestDrivesOnMainPage"/>
                <label name="host" value="GorozheevPC"/>
                <label name="thread" value="10112@GorozheevPC.pool-1-thread-1(13)"/>
            </labels>
        </test-case>
        <test-case start="1514547361597" stop="1514547412999" status="passed">
            <name>countInTooltipAndInH1</name>
            <steps/>
            <attachments/>
            <labels>
                <label name="testSuite" value="Suite"/>
                <label name="testGroup" value="Parallel Tests"/>
                <label name="testClass" value="com.example.tests.SearchFilterTests"/>
                <label name="testMethod" value="countInTooltipAndInH1"/>
                <label name="host" value="GorozheevPC"/>
                <label name="thread" value="10112@GorozheevPC.pool-1-thread-2(14)"/>
            </labels>
        </test-case>
        <test-case start="1514547412846" stop="1514547630626" status="passed">
            <name>checkTitleAndCklickOnServices</name>
            <steps/>
            <attachments/>
            <labels>
                <label name="testSuite" value="Suite"/>
                <label name="testGroup" value="Parallel Tests"/>
                <label name="testClass" value="com.example.tests.TestsForMainPage"/>
                <label name="testMethod" value="checkTitleAndCklickOnServices"/>
                <label name="host" value="GorozheevPC"/>
                <label name="thread" value="10112@GorozheevPC.pool-1-thread-1(13)"/>
            </labels>
        </test-case>
        <test-case start="1514547413002" stop="1514547449598" status="passed">
            <name>mileageFrom</name>
            <steps/>
            <attachments/>
            <labels>
                <label name="testSuite" value="Suite"/>
                <label name="testGroup" value="Parallel Tests"/>
                <label name="testClass" value="com.example.tests.SearchFilterTests"/>
                <label name="testMethod" value="mileageFrom"/>
                <label name="host" value="GorozheevPC"/>
                <label name="thread" value="10112@GorozheevPC.pool-1-thread-2(14)"/>
            </labels>
        </test-case>
        <test-case start="1514547449602" stop="1514547483093" status="passed">
            <name>mileageFromTo</name>
            <steps/>
            <attachments/>
            <labels>
                <label name="testSuite" value="Suite"/>
                <label name="testGroup" value="Parallel Tests"/>
                <label name="testClass" value="com.example.tests.SearchFilterTests"/>
                <label name="testMethod" value="mileageFromTo"/>
                <label name="host" value="GorozheevPC"/>
                <label name="thread" value="10112@GorozheevPC.pool-1-thread-2(14)"/>
            </labels>
        </test-case>
        <test-case start="1514547483098" stop="1514547578285" status="passed">
            <name>openAdditionalFilters</name>
            <steps/>
            <attachments/>
            <labels>
                <label name="testSuite" value="Suite"/>
                <label name="testGroup" value="Parallel Tests"/>
                <label name="testClass" value="com.example.tests.SearchFilterTests"/>
                <label name="testMethod" value="openAdditionalFilters"/>
                <label name="host" value="GorozheevPC"/>
                <label name="thread" value="10112@GorozheevPC.pool-1-thread-2(14)"/>
            </labels>
        </test-case>
        <test-case start="1514547530991" stop="1514547587681" status="passed">
            <name>noindexOnPagesWhereCountLessThenFive</name>
            <steps/>
            <attachments/>
            <labels>
                <label name="testSuite" value="Suite"/>
                <label name="testGroup" value="Parallel Tests"/>
                <label name="testClass" value="com.example.tests.SeoRequirementsTests"/>
                <label name="testMethod" value="noindexOnPagesWhereCountLessThenFive"/>
                <label name="host" value="GorozheevPC"/>
                <label name="thread" value="10112@GorozheevPC.pool-1-thread-3(15)"/>
            </labels>
        </test-case>
        <test-case start="1514547578288" stop="1514547616379" status="passed">
            <name>priceFrom</name>
            <steps/>
            <attachments/>
            <labels>
                <label name="testSuite" value="Suite"/>
                <label name="testGroup" value="Parallel Tests"/>
                <label name="testClass" value="com.example.tests.SearchFilterTests"/>
                <label name="testMethod" value="priceFrom"/>
                <label name="host" value="GorozheevPC"/>
                <label name="thread" value="10112@GorozheevPC.pool-1-thread-2(14)"/>
            </labels>
        </test-case>
        <test-case start="1514547587684" stop="1514547650832" status="failed">
            <name>outclicksOnAdvert</name>
            <failure>
                <message>AssertionError: На странице https://sankt-peterburg.avtopoisk.ru/car/subbody/minivan у объявления №5 нет атрибута nofollow expected [] but found [nofollow]</message>
                <stack-trace>java.lang.AssertionError: На странице https://sankt-peterburg.avtopoisk.ru/car/subbody/minivan у объявления №5 нет атрибута nofollow expected [] but found [nofollow]
	at org.testng.Assert.fail(Assert.java:94)
	at org.testng.Assert.failNotEquals(Assert.java:494)
	at org.testng.Assert.assertEquals(Assert.java:123)
	at org.testng.Assert.assertEquals(Assert.java:176)
	at com.example.tests.SeoRequirementsTests.outclicksOnAdvert(SeoRequirementsTests.java:97)
	at sun.reflect.NativeMethodAccessorImpl.invoke0(Native Method)
	at sun.reflect.NativeMethodAccessorImpl.invoke(NativeMethodAccessorImpl.java:62)
	at sun.reflect.DelegatingMethodAccessorImpl.invoke(DelegatingMethodAccessorImpl.java:43)
	at java.lang.reflect.Method.invoke(Method.java:498)
	at org.testng.internal.MethodInvocationHelper.invokeMethod(MethodInvocationHelper.java:80)
	at org.testng.internal.Invoker.invokeMethod(Invoker.java:714)
	at org.testng.internal.Invoker.invokeTestMethod(Invoker.java:901)
	at org.testng.internal.Invoker.invokeTestMethods(Invoker.java:1231)
	at org.testng.internal.TestMethodWorker.invokeTestMethods(TestMethodWorker.java:127)
	at org.testng.internal.TestMethodWorker.run(TestMethodWorker.java:111)
	at java.util.concurrent.ThreadPoolExecutor.runWorker(ThreadPoolExecutor.java:1149)
	at java.util.concurrent.ThreadPoolExecutor$Worker.run(ThreadPoolExecutor.java:624)
	at java.lang.Thread.run(Thread.java:748)
</stack-trace>
            </failure>
            <steps/>
            <attachments/>
            <labels>
                <label name="testSuite" value="Suite"/>
                <label name="testGroup" value="Parallel Tests"/>
                <label name="testClass" value="com.example.tests.SeoRequirementsTests"/>
                <label name="testMethod" value="outclicksOnAdvert"/>
                <label name="host" value="GorozheevPC"/>
                <label name="thread" value="10112@GorozheevPC.pool-1-thread-3(15)"/>
            </labels>
        </test-case>
        <test-case start="1514547616383" stop="1514547649882" status="passed">
            <name>priceFromTo</name>
            <steps/>
            <attachments/>
            <labels>
                <label name="testSuite" value="Suite"/>
                <label name="testGroup" value="Parallel Tests"/>
                <label name="testClass" value="com.example.tests.SearchFilterTests"/>
                <label name="testMethod" value="priceFromTo"/>
                <label name="host" value="GorozheevPC"/>
                <label name="thread" value="10112@GorozheevPC.pool-1-thread-2(14)"/>
            </labels>
        </test-case>
        <test-case start="1514547630630" stop="1514547662052" status="passed">
            <name>checkTitleAndClickOnArticles</name>
            <steps/>
            <attachments/>
            <labels>
                <label name="testSuite" value="Suite"/>
                <label name="testGroup" value="Parallel Tests"/>
                <label name="testClass" value="com.example.tests.TestsForMainPage"/>
                <label name="testMethod" value="checkTitleAndClickOnArticles"/>
                <label name="host" value="GorozheevPC"/>
                <label name="thread" value="10112@GorozheevPC.pool-1-thread-1(13)"/>
            </labels>
        </test-case>
        <test-case start="1514547649885" stop="1514547683691" status="passed">
            <name>priceTo</name>
            <steps/>
            <attachments/>
            <labels>
                <label name="testSuite" value="Suite"/>
                <label name="testGroup" value="Parallel Tests"/>
                <label name="testClass" value="com.example.tests.SearchFilterTests"/>
                <label name="testMethod" value="priceTo"/>
                <label name="host" value="GorozheevPC"/>
                <label name="thread" value="10112@GorozheevPC.pool-1-thread-2(14)"/>
            </labels>
        </test-case>
        <test-case start="1514547650843" stop="1514548143598" status="passed">
            <name>seoForCastomLinksInTabs</name>
            <steps/>
            <attachments/>
            <labels>
                <label name="testSuite" value="Suite"/>
                <label name="testGroup" value="Parallel Tests"/>
                <label name="testClass" value="com.example.tests.SeoRequirementsTests"/>
                <label name="testMethod" value="seoForCastomLinksInTabs"/>
                <label name="host" value="GorozheevPC"/>
                <label name="thread" value="10112@GorozheevPC.pool-1-thread-3(15)"/>
            </labels>
        </test-case>
        <test-case start="1514547662061" stop="1514547670299" status="passed">
            <name>checkTitleOnMainPage</name>
            <steps/>
            <attachments/>
            <labels>
                <label name="testSuite" value="Suite"/>
                <label name="testGroup" value="Parallel Tests"/>
                <label name="testClass" value="com.example.tests.TestsForMainPage"/>
                <label name="testMethod" value="checkTitleOnMainPage"/>
                <label name="host" value="GorozheevPC"/>
                <label name="thread" value="10112@GorozheevPC.pool-1-thread-1(13)"/>
            </labels>
        </test-case>
        <test-case start="1514547670307" stop="1514547687264" status="passed">
            <name>checkTitlesAndGoToAllCityesPage</name>
            <steps/>
            <attachments/>
            <labels>
                <label name="testSuite" value="Suite"/>
                <label name="testGroup" value="Parallel Tests"/>
                <label name="testClass" value="com.example.tests.TestsForMainPage"/>
                <label name="testMethod" value="checkTitlesAndGoToAllCityesPage"/>
                <label name="host" value="GorozheevPC"/>
                <label name="thread" value="10112@GorozheevPC.pool-1-thread-1(13)"/>
            </labels>
        </test-case>
        <test-case start="1514547683696" stop="1514547730902" status="passed">
            <name>yearFrom</name>
            <steps/>
            <attachments/>
            <labels>
                <label name="testSuite" value="Suite"/>
                <label name="testGroup" value="Parallel Tests"/>
                <label name="testClass" value="com.example.tests.SearchFilterTests"/>
                <label name="testMethod" value="yearFrom"/>
                <label name="host" value="GorozheevPC"/>
                <label name="thread" value="10112@GorozheevPC.pool-1-thread-2(14)"/>
            </labels>
        </test-case>
        <test-case start="1514547687267" stop="1514547734390" status="passed">
            <name>checkTitlesTopCategory</name>
            <steps/>
            <attachments/>
            <labels>
                <label name="testSuite" value="Suite"/>
                <label name="testGroup" value="Parallel Tests"/>
                <label name="testClass" value="com.example.tests.TestsForMainPage"/>
                <label name="testMethod" value="checkTitlesTopCategory"/>
                <label name="host" value="GorozheevPC"/>
                <label name="thread" value="10112@GorozheevPC.pool-1-thread-1(13)"/>
            </labels>
        </test-case>
        <test-case start="1514547730905" stop="1514547784707" status="passed">
            <name>yearFromYearTo</name>
            <steps/>
            <attachments/>
            <labels>
                <label name="testSuite" value="Suite"/>
                <label name="testGroup" value="Parallel Tests"/>
                <label name="testClass" value="com.example.tests.SearchFilterTests"/>
                <label name="testMethod" value="yearFromYearTo"/>
                <label name="host" value="GorozheevPC"/>
                <label name="thread" value="10112@GorozheevPC.pool-1-thread-2(14)"/>
            </labels>
        </test-case>
        <test-case start="1514547734393" stop="1514547792526" status="passed">
            <name>checkTitlesTopCategoryMoscow</name>
            <steps/>
            <attachments/>
            <labels>
                <label name="testSuite" value="Suite"/>
                <label name="testGroup" value="Parallel Tests"/>
                <label name="testClass" value="com.example.tests.TestsForMainPage"/>
                <label name="testMethod" value="checkTitlesTopCategoryMoscow"/>
                <label name="host" value="GorozheevPC"/>
                <label name="thread" value="10112@GorozheevPC.pool-1-thread-1(13)"/>
            </labels>
        </test-case>
        <test-case start="1514547784711" stop="1514547816937" status="passed">
            <name>yearTo</name>
            <steps/>
            <attachments/>
            <labels>
                <label name="testSuite" value="Suite"/>
                <label name="testGroup" value="Parallel Tests"/>
                <label name="testClass" value="com.example.tests.SearchFilterTests"/>
                <label name="testMethod" value="yearTo"/>
                <label name="host" value="GorozheevPC"/>
                <label name="thread" value="10112@GorozheevPC.pool-1-thread-2(14)"/>
            </labels>
        </test-case>
        <test-case start="1514547792532" stop="1514548056770" status="passed">
            <name>checkTopCategoryInFooter</name>
            <steps/>
            <attachments/>
            <labels>
                <label name="testSuite" value="Suite"/>
                <label name="testGroup" value="Parallel Tests"/>
                <label name="testClass" value="com.example.tests.TestsForMainPage"/>
                <label name="testMethod" value="checkTopCategoryInFooter"/>
                <label name="host" value="GorozheevPC"/>
                <label name="thread" value="10112@GorozheevPC.pool-1-thread-1(13)"/>
            </labels>
        </test-case>
        <test-case start="1514547833802" stop="1514548094928" status="passed">
            <name>breadCrumbs</name>
            <steps/>
            <attachments/>
            <labels>
                <label name="testSuite" value="Suite"/>
                <label name="testGroup" value="Parallel Tests"/>
                <label name="testClass" value="com.example.tests.SearchPage"/>
                <label name="testMethod" value="breadCrumbs"/>
                <label name="host" value="GorozheevPC"/>
                <label name="thread" value="10112@GorozheevPC.pool-1-thread-2(14)"/>
            </labels>
        </test-case>
        <test-case start="1514548056773" stop="1514548326410" status="passed">
            <name>checkUpFines</name>
            <steps/>
            <attachments/>
            <labels>
                <label name="testSuite" value="Suite"/>
                <label name="testGroup" value="Parallel Tests"/>
                <label name="testClass" value="com.example.tests.TestsForMainPage"/>
                <label name="testMethod" value="checkUpFines"/>
                <label name="host" value="GorozheevPC"/>
                <label name="thread" value="10112@GorozheevPC.pool-1-thread-1(13)"/>
            </labels>
        </test-case>
        <test-case start="1514548094936" stop="1514548140788" status="passed">
            <name>breadCrumbsWithMark</name>
            <steps/>
            <attachments/>
            <labels>
                <label name="testSuite" value="Suite"/>
                <label name="testGroup" value="Parallel Tests"/>
                <label name="testClass" value="com.example.tests.SearchPage"/>
                <label name="testMethod" value="breadCrumbsWithMark"/>
                <label name="host" value="GorozheevPC"/>
                <label name="thread" value="10112@GorozheevPC.pool-1-thread-2(14)"/>
            </labels>
        </test-case>
        <test-case start="1514548140793" stop="1514548187465" status="passed">
            <name>breadCrumbsWithMarkAndModel</name>
            <steps/>
            <attachments/>
            <labels>
                <label name="testSuite" value="Suite"/>
                <label name="testGroup" value="Parallel Tests"/>
                <label name="testClass" value="com.example.tests.SearchPage"/>
                <label name="testMethod" value="breadCrumbsWithMarkAndModel"/>
                <label name="host" value="GorozheevPC"/>
                <label name="thread" value="10112@GorozheevPC.pool-1-thread-2(14)"/>
            </labels>
        </test-case>
        <test-case start="1514548143601" stop="1514548189122" status="passed">
            <name>seoMetaOnCustomLinkPages</name>
            <steps/>
            <attachments/>
            <labels>
                <label name="testSuite" value="Suite"/>
                <label name="testGroup" value="Parallel Tests"/>
                <label name="testClass" value="com.example.tests.SeoRequirementsTests"/>
                <label name="testMethod" value="seoMetaOnCustomLinkPages"/>
                <label name="host" value="GorozheevPC"/>
                <label name="thread" value="10112@GorozheevPC.pool-1-thread-3(15)"/>
            </labels>
        </test-case>
        <test-case start="1514548187469" stop="1514548202501" status="passed">
            <name>clickOnSubscriptionButton</name>
            <steps/>
            <attachments/>
            <labels>
                <label name="testSuite" value="Suite"/>
                <label name="testGroup" value="Parallel Tests"/>
                <label name="testClass" value="com.example.tests.SearchPage"/>
                <label name="testMethod" value="clickOnSubscriptionButton"/>
                <label name="host" value="GorozheevPC"/>
                <label name="thread" value="10112@GorozheevPC.pool-1-thread-2(14)"/>
            </labels>
        </test-case>
        <test-case start="1514548189124" stop="1514548227390" status="passed">
            <name>seoMetaOnMainPage</name>
            <steps/>
            <attachments/>
            <labels>
                <label name="testSuite" value="Suite"/>
                <label name="testGroup" value="Parallel Tests"/>
                <label name="testClass" value="com.example.tests.SeoRequirementsTests"/>
                <label name="testMethod" value="seoMetaOnMainPage"/>
                <label name="host" value="GorozheevPC"/>
                <label name="thread" value="10112@GorozheevPC.pool-1-thread-3(15)"/>
            </labels>
        </test-case>
        <test-case start="1514548202503" stop="1514548217551" status="passed">
            <name>countAdvertsOnSearchPage</name>
            <steps/>
            <attachments/>
            <labels>
                <label name="testSuite" value="Suite"/>
                <label name="testGroup" value="Parallel Tests"/>
                <label name="testClass" value="com.example.tests.SearchPage"/>
                <label name="testMethod" value="countAdvertsOnSearchPage"/>
                <label name="host" value="GorozheevPC"/>
                <label name="thread" value="10112@GorozheevPC.pool-1-thread-2(14)"/>
            </labels>
        </test-case>
        <test-case start="1514548217570" stop="1514548277256" status="passed">
            <name>customLinksUnderTabs</name>
            <steps/>
            <attachments/>
            <labels>
                <label name="testSuite" value="Suite"/>
                <label name="testGroup" value="Parallel Tests"/>
                <label name="testClass" value="com.example.tests.SearchPage"/>
                <label name="testMethod" value="customLinksUnderTabs"/>
                <label name="host" value="GorozheevPC"/>
                <label name="thread" value="10112@GorozheevPC.pool-1-thread-2(14)"/>
            </labels>
        </test-case>
        <test-case start="1514548227408" stop="1514548242214" status="passed">
            <name>seoOnLocationSearchPageCar</name>
            <steps/>
            <attachments/>
            <labels>
                <label name="testSuite" value="Suite"/>
                <label name="testGroup" value="Parallel Tests"/>
                <label name="testClass" value="com.example.tests.SeoRequirementsTests"/>
                <label name="testMethod" value="seoOnLocationSearchPageCar"/>
                <label name="host" value="GorozheevPC"/>
                <label name="thread" value="10112@GorozheevPC.pool-1-thread-3(15)"/>
            </labels>
        </test-case>
        <test-case start="1514548242219" stop="1514548257159" status="passed">
            <name>seoOnMainSearchPageCar</name>
            <steps/>
            <attachments/>
            <labels>
                <label name="testSuite" value="Suite"/>
                <label name="testGroup" value="Parallel Tests"/>
                <label name="testClass" value="com.example.tests.SeoRequirementsTests"/>
                <label name="testMethod" value="seoOnMainSearchPageCar"/>
                <label name="host" value="GorozheevPC"/>
                <label name="thread" value="10112@GorozheevPC.pool-1-thread-3(15)"/>
            </labels>
        </test-case>
        <test-case start="1514548257162" stop="1514548272073" status="passed">
            <name>seoOnSearchPageOtherCategories</name>
            <steps/>
            <attachments/>
            <labels>
                <label name="testSuite" value="Suite"/>
                <label name="testGroup" value="Parallel Tests"/>
                <label name="testClass" value="com.example.tests.SeoRequirementsTests"/>
                <label name="testMethod" value="seoOnSearchPageOtherCategories"/>
                <label name="host" value="GorozheevPC"/>
                <label name="thread" value="10112@GorozheevPC.pool-1-thread-3(15)"/>
            </labels>
        </test-case>
        <test-case start="1514548277260" stop="1514548339542" status="passed">
            <name>favoriteAds</name>
            <steps/>
            <attachments/>
            <labels>
                <label name="testSuite" value="Suite"/>
                <label name="testGroup" value="Parallel Tests"/>
                <label name="testClass" value="com.example.tests.SearchPage"/>
                <label name="testMethod" value="favoriteAds"/>
                <label name="host" value="GorozheevPC"/>
                <label name="thread" value="10112@GorozheevPC.pool-1-thread-2(14)"/>
            </labels>
        </test-case>
        <test-case start="1514548285855" stop="1514548353164" status="passed">
            <name>dropDownMenuHeaderFifthdPart</name>
            <steps/>
            <attachments/>
            <labels>
                <label name="testSuite" value="Suite"/>
                <label name="testGroup" value="Parallel Tests"/>
                <label name="testClass" value="com.example.tests.MainMenuHeaderOldAndNew"/>
                <label name="testMethod" value="dropDownMenuHeaderFifthdPart"/>
                <label name="host" value="GorozheevPC"/>
                <label name="thread" value="10112@GorozheevPC.pool-1-thread-3(15)"/>
            </labels>
        </test-case>
        <test-case start="1514548326413" stop="1514548347466" status="passed">
            <name>choiceDifferentGrafics</name>
            <steps/>
            <attachments/>
            <labels>
                <label name="testSuite" value="Suite"/>
                <label name="testGroup" value="Parallel Tests"/>
                <label name="testClass" value="com.example.tests.TestsForMainPage"/>
                <label name="testMethod" value="choiceDifferentGrafics"/>
                <label name="host" value="GorozheevPC"/>
                <label name="thread" value="10112@GorozheevPC.pool-1-thread-1(13)"/>
            </labels>
        </test-case>
        <test-case start="1514548339545" stop="1514548456677" status="passed">
            <name>favoriteWithLoggedUser</name>
            <steps/>
            <attachments/>
            <labels>
                <label name="testSuite" value="Suite"/>
                <label name="testGroup" value="Parallel Tests"/>
                <label name="testClass" value="com.example.tests.SearchPage"/>
                <label name="testMethod" value="favoriteWithLoggedUser"/>
                <label name="host" value="GorozheevPC"/>
                <label name="thread" value="10112@GorozheevPC.pool-1-thread-2(14)"/>
            </labels>
        </test-case>
        <test-case start="1514548347469" stop="1514548373591" status="passed">
            <name>chooseLocationInHeder</name>
            <steps/>
            <attachments/>
            <labels>
                <label name="testSuite" value="Suite"/>
                <label name="testGroup" value="Parallel Tests"/>
                <label name="testClass" value="com.example.tests.TestsForMainPage"/>
                <label name="testMethod" value="chooseLocationInHeder"/>
                <label name="host" value="GorozheevPC"/>
                <label name="thread" value="10112@GorozheevPC.pool-1-thread-1(13)"/>
            </labels>
        </test-case>
        <test-case start="1514548353186" stop="1514548467516" status="passed">
            <name>dropDownMenuHeaderFirstPart</name>
            <steps/>
            <attachments/>
            <labels>
                <label name="testSuite" value="Suite"/>
                <label name="testGroup" value="Parallel Tests"/>
                <label name="testClass" value="com.example.tests.MainMenuHeaderOldAndNew"/>
                <label name="testMethod" value="dropDownMenuHeaderFirstPart"/>
                <label name="host" value="GorozheevPC"/>
                <label name="thread" value="10112@GorozheevPC.pool-1-thread-3(15)"/>
            </labels>
        </test-case>
        <test-case start="1514548373595" stop="1514548388441" status="passed">
            <name>ckickOnButtonAddAdvert</name>
            <steps/>
            <attachments/>
            <labels>
                <label name="testSuite" value="Suite"/>
                <label name="testGroup" value="Parallel Tests"/>
                <label name="testClass" value="com.example.tests.TestsForMainPage"/>
                <label name="testMethod" value="ckickOnButtonAddAdvert"/>
                <label name="host" value="GorozheevPC"/>
                <label name="thread" value="10112@GorozheevPC.pool-1-thread-1(13)"/>
            </labels>
        </test-case>
        <test-case start="1514548388454" stop="1514548419869" status="passed">
            <name>clickOnTextLogo</name>
            <steps/>
            <attachments/>
            <labels>
                <label name="testSuite" value="Suite"/>
                <label name="testGroup" value="Parallel Tests"/>
                <label name="testClass" value="com.example.tests.TestsForMainPage"/>
                <label name="testMethod" value="clickOnTextLogo"/>
                <label name="host" value="GorozheevPC"/>
                <label name="thread" value="10112@GorozheevPC.pool-1-thread-1(13)"/>
            </labels>
        </test-case>
        <test-case start="1514548419873" stop="1514548466946" status="passed">
            <name>goToMarkPageAndToAllBrandsPage</name>
            <steps/>
            <attachments/>
            <labels>
                <label name="testSuite" value="Suite"/>
                <label name="testGroup" value="Parallel Tests"/>
                <label name="testClass" value="com.example.tests.TestsForMainPage"/>
                <label name="testMethod" value="goToMarkPageAndToAllBrandsPage"/>
                <label name="host" value="GorozheevPC"/>
                <label name="thread" value="10112@GorozheevPC.pool-1-thread-1(13)"/>
            </labels>
        </test-case>
        <test-case start="1514548456680" stop="1514548547089" status="passed">
            <name>paginationTest</name>
            <steps/>
            <attachments/>
            <labels>
                <label name="testSuite" value="Suite"/>
                <label name="testGroup" value="Parallel Tests"/>
                <label name="testClass" value="com.example.tests.SearchPage"/>
                <label name="testMethod" value="paginationTest"/>
                <label name="host" value="GorozheevPC"/>
                <label name="thread" value="10112@GorozheevPC.pool-1-thread-2(14)"/>
            </labels>
        </test-case>
        <test-case start="1514548466950" stop="1514548475136" status="passed">
            <name>presenceElementsOnMainPage</name>
            <steps/>
            <attachments/>
            <labels>
                <label name="testSuite" value="Suite"/>
                <label name="testGroup" value="Parallel Tests"/>
                <label name="testClass" value="com.example.tests.TestsForMainPage"/>
                <label name="testMethod" value="presenceElementsOnMainPage"/>
                <label name="host" value="GorozheevPC"/>
                <label name="thread" value="10112@GorozheevPC.pool-1-thread-1(13)"/>
            </labels>
        </test-case>
        <test-case start="1514548467519" stop="1514548572662" status="passed">
            <name>dropDownMenuHeaderForthdPart</name>
            <steps/>
            <attachments/>
            <labels>
                <label name="testSuite" value="Suite"/>
                <label name="testGroup" value="Parallel Tests"/>
                <label name="testClass" value="com.example.tests.MainMenuHeaderOldAndNew"/>
                <label name="testMethod" value="dropDownMenuHeaderForthdPart"/>
                <label name="host" value="GorozheevPC"/>
                <label name="thread" value="10112@GorozheevPC.pool-1-thread-3(15)"/>
            </labels>
        </test-case>
        <test-case start="1514548475139" stop="1514548499134" status="passed">
            <name>presenceElementsOnMainPageMoskov</name>
            <steps/>
            <attachments/>
            <labels>
                <label name="testSuite" value="Suite"/>
                <label name="testGroup" value="Parallel Tests"/>
                <label name="testClass" value="com.example.tests.TestsForMainPage"/>
                <label name="testMethod" value="presenceElementsOnMainPageMoskov"/>
                <label name="host" value="GorozheevPC"/>
                <label name="thread" value="10112@GorozheevPC.pool-1-thread-1(13)"/>
            </labels>
        </test-case>
        <test-case start="1514548499145" stop="1514548546148" status="passed">
            <name>presenceIconsOfSocialNetworks</name>
            <steps/>
            <attachments/>
            <labels>
                <label name="testSuite" value="Suite"/>
                <label name="testGroup" value="Parallel Tests"/>
                <label name="testClass" value="com.example.tests.TestsForMainPage"/>
                <label name="testMethod" value="presenceIconsOfSocialNetworks"/>
                <label name="host" value="GorozheevPC"/>
                <label name="thread" value="10112@GorozheevPC.pool-1-thread-1(13)"/>
            </labels>
        </test-case>
        <test-case start="1514548546152" stop="1514548554120" status="passed">
            <name>presenceSeoTextInFooter</name>
            <steps/>
            <attachments/>
            <labels>
                <label name="testSuite" value="Suite"/>
                <label name="testGroup" value="Parallel Tests"/>
                <label name="testClass" value="com.example.tests.TestsForMainPage"/>
                <label name="testMethod" value="presenceSeoTextInFooter"/>
                <label name="host" value="GorozheevPC"/>
                <label name="thread" value="10112@GorozheevPC.pool-1-thread-1(13)"/>
            </labels>
        </test-case>
        <test-case start="1514548547091" stop="1514548688603" status="passed">
            <name>sortingBy</name>
            <steps/>
            <attachments/>
            <labels>
                <label name="testSuite" value="Suite"/>
                <label name="testGroup" value="Parallel Tests"/>
                <label name="testClass" value="com.example.tests.SearchPage"/>
                <label name="testMethod" value="sortingBy"/>
                <label name="host" value="GorozheevPC"/>
                <label name="thread" value="10112@GorozheevPC.pool-1-thread-2(14)"/>
            </labels>
        </test-case>
        <test-case start="1514548554123" stop="1514548571816" status="passed">
            <name>searchFieldWithPressedTabsCatalog</name>
            <steps/>
            <attachments/>
            <labels>
                <label name="testSuite" value="Suite"/>
                <label name="testGroup" value="Parallel Tests"/>
                <label name="testClass" value="com.example.tests.TestsForMainPage"/>
                <label name="testMethod" value="searchFieldWithPressedTabsCatalog"/>
                <label name="host" value="GorozheevPC"/>
                <label name="thread" value="10112@GorozheevPC.pool-1-thread-1(13)"/>
            </labels>
        </test-case>
        <test-case start="1514548571818" stop="1514548644450" status="passed">
            <name>testSearchFieldWithPressedTabs</name>
            <steps/>
            <attachments/>
            <labels>
                <label name="testSuite" value="Suite"/>
                <label name="testGroup" value="Parallel Tests"/>
                <label name="testClass" value="com.example.tests.TestsForMainPage"/>
                <label name="testMethod" value="testSearchFieldWithPressedTabs"/>
                <label name="host" value="GorozheevPC"/>
                <label name="thread" value="10112@GorozheevPC.pool-1-thread-1(13)"/>
            </labels>
        </test-case>
        <test-case start="1514548572664" stop="1514548717544" status="passed">
            <name>dropDownMenuHeaderSecondPart</name>
            <steps/>
            <attachments/>
            <labels>
                <label name="testSuite" value="Suite"/>
                <label name="testGroup" value="Parallel Tests"/>
                <label name="testClass" value="com.example.tests.MainMenuHeaderOldAndNew"/>
                <label name="testMethod" value="dropDownMenuHeaderSecondPart"/>
                <label name="host" value="GorozheevPC"/>
                <label name="thread" value="10112@GorozheevPC.pool-1-thread-3(15)"/>
            </labels>
        </test-case>
        <test-case start="1514548644452" stop="1514548667241" status="passed">
            <name>testSearchFilterWithWalue</name>
            <steps/>
            <attachments/>
            <labels>
                <label name="testSuite" value="Suite"/>
                <label name="testGroup" value="Parallel Tests"/>
                <label name="testClass" value="com.example.tests.TestsForMainPage"/>
                <label name="testMethod" value="testSearchFilterWithWalue"/>
                <label name="host" value="GorozheevPC"/>
                <label name="thread" value="10112@GorozheevPC.pool-1-thread-1(13)"/>
            </labels>
        </test-case>
        <test-case start="1514548667244" stop="1514548690382" status="passed">
            <name>testWithEmptySearchFilter</name>
            <steps/>
            <attachments/>
            <labels>
                <label name="testSuite" value="Suite"/>
                <label name="testGroup" value="Parallel Tests"/>
                <label name="testClass" value="com.example.tests.TestsForMainPage"/>
                <label name="testMethod" value="testWithEmptySearchFilter"/>
                <label name="host" value="GorozheevPC"/>
                <label name="thread" value="10112@GorozheevPC.pool-1-thread-1(13)"/>
            </labels>
        </test-case>
        <test-case start="1514548688605" stop="1514549005358" status="broken">
            <name>subscriptionOnStyckyPanel</name>
            <failure>
                <message>TimeoutException: Timed out after 10 seconds waiting for visibility of element located by By.xpath: //div[@class='form-content']/a
Build info: version: '2.53.1', revision: 'a36b8b1cd5757287168e54b817830adce9b0158d', time: '2016-06-30 19:26:09'
System info: host: 'GorozheevPC', ip: '192.168.171.132', os.name: 'Windows 7', os.arch: 'amd64', os.version: '6.1', java.version: '1.8.0_151'
Driver info: org.openqa.selenium.firefox.FirefoxDriver
Capabilities [{applicationCacheEnabled=true, rotatable=false, handlesAlerts=true, databaseEnabled=true, version=45.0, platform=WINDOWS, nativeEvents=false, acceptSslCerts=true, webStorageEnabled=true, locationContextEnabled=true, browserName=firefox, takesScreenshot=true, javascriptEnabled=true, cssSelectorsEnabled=true}]
Session ID: 836bfec8-fe38-44c1-a282-b44bbcb20962</message>
                <stack-trace>org.openqa.selenium.TimeoutException: Timed out after 10 seconds waiting for visibility of element located by By.xpath: //div[@class='form-content']/a
Build info: version: '2.53.1', revision: 'a36b8b1cd5757287168e54b817830adce9b0158d', time: '2016-06-30 19:26:09'
System info: host: 'GorozheevPC', ip: '192.168.171.132', os.name: 'Windows 7', os.arch: 'amd64', os.version: '6.1', java.version: '1.8.0_151'
Driver info: org.openqa.selenium.firefox.FirefoxDriver
Capabilities [{applicationCacheEnabled=true, rotatable=false, handlesAlerts=true, databaseEnabled=true, version=45.0, platform=WINDOWS, nativeEvents=false, acceptSslCerts=true, webStorageEnabled=true, locationContextEnabled=true, browserName=firefox, takesScreenshot=true, javascriptEnabled=true, cssSelectorsEnabled=true}]
Session ID: 836bfec8-fe38-44c1-a282-b44bbcb20962
	at org.openqa.selenium.support.ui.WebDriverWait.timeoutException(WebDriverWait.java:80)
	at org.openqa.selenium.support.ui.FluentWait.until(FluentWait.java:261)
	at com.example.tests.SearchPage.subscriptionOnStyckyPanel(SearchPage.java:204)
	at sun.reflect.NativeMethodAccessorImpl.invoke0(Native Method)
	at sun.reflect.NativeMethodAccessorImpl.invoke(NativeMethodAccessorImpl.java:62)
	at sun.reflect.DelegatingMethodAccessorImpl.invoke(DelegatingMethodAccessorImpl.java:43)
	at java.lang.reflect.Method.invoke(Method.java:498)
	at org.testng.internal.MethodInvocationHelper.invokeMethod(MethodInvocationHelper.java:80)
	at org.testng.internal.Invoker.invokeMethod(Invoker.java:714)
	at org.testng.internal.Invoker.invokeTestMethod(Invoker.java:901)
	at org.testng.internal.Invoker.invokeTestMethods(Invoker.java:1231)
	at org.testng.internal.TestMethodWorker.invokeTestMethods(TestMethodWorker.java:127)
	at org.testng.internal.TestMethodWorker.run(TestMethodWorker.java:111)
	at java.util.concurrent.ThreadPoolExecutor.runWorker(ThreadPoolExecutor.java:1149)
	at java.util.concurrent.ThreadPoolExecutor$Worker.run(ThreadPoolExecutor.java:624)
	at java.lang.Thread.run(Thread.java:748)
Caused by: org.openqa.selenium.NoSuchElementException: Unable to locate element: {"method":"xpath","selector":"//div[@class='form-content']/a"}
Command duration or timeout: 37.98 seconds
For documentation on this error, please visit: http://seleniumhq.org/exceptions/no_such_element.html
Build info: version: '2.53.1', revision: 'a36b8b1cd5757287168e54b817830adce9b0158d', time: '2016-06-30 19:26:09'
System info: host: 'GorozheevPC', ip: '192.168.171.132', os.name: 'Windows 7', os.arch: 'amd64', os.version: '6.1', java.version: '1.8.0_151'
Driver info: org.openqa.selenium.firefox.FirefoxDriver
Capabilities [{applicationCacheEnabled=true, rotatable=false, handlesAlerts=true, databaseEnabled=true, version=45.0, platform=WINDOWS, nativeEvents=false, acceptSslCerts=true, webStorageEnabled=true, locationContextEnabled=true, browserName=firefox, takesScreenshot=true, javascriptEnabled=true, cssSelectorsEnabled=true}]
Session ID: 836bfec8-fe38-44c1-a282-b44bbcb20962
*** Element info: {Using=xpath, value=//div[@class='form-content']/a}
	at sun.reflect.NativeConstructorAccessorImpl.newInstance0(Native Method)
	at sun.reflect.NativeConstructorAccessorImpl.newInstance(NativeConstructorAccessorImpl.java:62)
	at sun.reflect.DelegatingConstructorAccessorImpl.newInstance(DelegatingConstructorAccessorImpl.java:45)
	at java.lang.reflect.Constructor.newInstance(Constructor.java:423)
	at org.openqa.selenium.remote.ErrorHandler.createThrowable(ErrorHandler.java:206)
	at org.openqa.selenium.remote.ErrorHandler.throwIfResponseFailed(ErrorHandler.java:158)
	at org.openqa.selenium.remote.RemoteWebDriver.execute(RemoteWebDriver.java:678)
	at org.openqa.selenium.remote.RemoteWebDriver.findElement(RemoteWebDriver.java:363)
	at org.openqa.selenium.remote.RemoteWebDriver.findElementByXPath(RemoteWebDriver.java:500)
	at org.openqa.selenium.By$ByXPath.findElement(By.java:361)
	at org.openqa.selenium.remote.RemoteWebDriver.findElement(RemoteWebDriver.java:355)
	at org.openqa.selenium.support.ui.ExpectedConditions.findElement(ExpectedConditions.java:899)
	at org.openqa.selenium.support.ui.ExpectedConditions.access$000(ExpectedConditions.java:41)
	at org.openqa.selenium.support.ui.ExpectedConditions$7.apply(ExpectedConditions.java:205)
	at org.openqa.selenium.support.ui.ExpectedConditions$7.apply(ExpectedConditions.java:201)
	at org.openqa.selenium.support.ui.FluentWait.until(FluentWait.java:238)
	... 14 more
Caused by: org.openqa.selenium.NoSuchElementException: Unable to locate element: {"method":"xpath","selector":"//div[@class='form-content']/a"}
For documentation on this error, please visit: http://seleniumhq.org/exceptions/no_such_element.html
Build info: version: '2.53.1', revision: 'a36b8b1cd5757287168e54b817830adce9b0158d', time: '2016-06-30 19:26:09'
System info: host: 'GorozheevPC', ip: '192.168.171.132', os.name: 'Windows 7', os.arch: 'amd64', os.version: '6.1', java.version: '1.8.0_151'
Driver info: driver.version: unknown
	at &lt;anonymous class&gt;.FirefoxDriver.prototype.findElementInternal_(file:///C:/Users/GOROZH~1/AppData/Local/Temp/anonymous2886358986944976718webdriver-profile/extensions/fxdriver@googlecode.com/components/driver-component.js:10770)
	at &lt;anonymous class&gt;.fxdriver.Timer.prototype.setTimeout/&lt;.notify(file:///C:/Users/GOROZH~1/AppData/Local/Temp/anonymous2886358986944976718webdriver-profile/extensions/fxdriver@googlecode.com/components/driver-component.js:625)
</stack-trace>
            </failure>
            <steps/>
            <attachments/>
            <labels>
                <label name="testSuite" value="Suite"/>
                <label name="testGroup" value="Parallel Tests"/>
                <label name="testClass" value="com.example.tests.SearchPage"/>
                <label name="testMethod" value="subscriptionOnStyckyPanel"/>
                <label name="host" value="GorozheevPC"/>
                <label name="thread" value="10112@GorozheevPC.pool-1-thread-2(14)"/>
            </labels>
        </test-case>
        <test-case start="1514548703160" stop="1514548726288" status="broken">
            <name>checkCountAdverts</name>
            <failure>
                <message>Exception: Мало объявлений на выдаче - 229666 штук</message>
                <stack-trace>java.lang.Exception: Мало объявлений на выдаче - 229666 штук
	at com.example.tests.CurrentTests.checkCountAdverts(CurrentTests.java:35)
	at sun.reflect.NativeMethodAccessorImpl.invoke0(Native Method)
	at sun.reflect.NativeMethodAccessorImpl.invoke(NativeMethodAccessorImpl.java:62)
	at sun.reflect.DelegatingMethodAccessorImpl.invoke(DelegatingMethodAccessorImpl.java:43)
	at java.lang.reflect.Method.invoke(Method.java:498)
	at org.testng.internal.MethodInvocationHelper.invokeMethod(MethodInvocationHelper.java:80)
	at org.testng.internal.Invoker.invokeMethod(Invoker.java:714)
	at org.testng.internal.Invoker.invokeTestMethod(Invoker.java:901)
	at org.testng.internal.Invoker.invokeTestMethods(Invoker.java:1231)
	at org.testng.internal.TestMethodWorker.invokeTestMethods(TestMethodWorker.java:127)
	at org.testng.internal.TestMethodWorker.run(TestMethodWorker.java:111)
	at java.util.concurrent.ThreadPoolExecutor.runWorker(ThreadPoolExecutor.java:1149)
	at java.util.concurrent.ThreadPoolExecutor$Worker.run(ThreadPoolExecutor.java:624)
	at java.lang.Thread.run(Thread.java:748)
</stack-trace>
            </failure>
            <steps/>
            <attachments/>
            <labels>
                <label name="testSuite" value="Suite"/>
                <label name="testGroup" value="Parallel Tests"/>
                <label name="testClass" value="com.example.tests.CurrentTests"/>
                <label name="testMethod" value="checkCountAdverts"/>
                <label name="host" value="GorozheevPC"/>
                <label name="thread" value="10112@GorozheevPC.pool-1-thread-1(13)"/>
            </labels>
        </test-case>
        <test-case start="1514548717548" stop="1514548811294" status="passed">
            <name>dropDownMenuHeaderThirdPart</name>
            <steps/>
            <attachments/>
            <labels>
                <label name="testSuite" value="Suite"/>
                <label name="testGroup" value="Parallel Tests"/>
                <label name="testClass" value="com.example.tests.MainMenuHeaderOldAndNew"/>
                <label name="testMethod" value="dropDownMenuHeaderThirdPart"/>
                <label name="host" value="GorozheevPC"/>
                <label name="thread" value="10112@GorozheevPC.pool-1-thread-3(15)"/>
            </labels>
        </test-case>
        <test-case start="1514548726291" stop="1514548792985" status="passed">
            <name>initPopapOnFirstAndSecondSearchPages</name>
            <steps/>
            <attachments/>
            <labels>
                <label name="testSuite" value="Suite"/>
                <label name="testGroup" value="Parallel Tests"/>
                <label name="testClass" value="com.example.tests.CurrentTests"/>
                <label name="testMethod" value="initPopapOnFirstAndSecondSearchPages"/>
                <label name="host" value="GorozheevPC"/>
                <label name="thread" value="10112@GorozheevPC.pool-1-thread-1(13)"/>
            </labels>
        </test-case>
        <test-case start="1514548792990" stop="1514548811714" status="passed">
            <name>openStoOnMainPage</name>
            <steps/>
            <attachments/>
            <labels>
                <label name="testSuite" value="Suite"/>
                <label name="testGroup" value="Parallel Tests"/>
                <label name="testClass" value="com.example.tests.CurrentTests"/>
                <label name="testMethod" value="openStoOnMainPage"/>
                <label name="host" value="GorozheevPC"/>
                <label name="thread" value="10112@GorozheevPC.pool-1-thread-1(13)"/>
            </labels>
        </test-case>
        <test-case start="1514548811296" stop="1514548981256" status="passed">
            <name>newMenuHeaderFirstPart</name>
            <steps/>
            <attachments/>
            <labels>
                <label name="testSuite" value="Suite"/>
                <label name="testGroup" value="Parallel Tests"/>
                <label name="testClass" value="com.example.tests.MainMenuHeaderOldAndNew"/>
                <label name="testMethod" value="newMenuHeaderFirstPart"/>
                <label name="host" value="GorozheevPC"/>
                <label name="thread" value="10112@GorozheevPC.pool-1-thread-3(15)"/>
            </labels>
        </test-case>
        <test-case start="1514548811717" stop="1514548852381" status="passed">
            <name>redirectOnCatalogPages</name>
            <steps/>
            <attachments/>
            <labels>
                <label name="testSuite" value="Suite"/>
                <label name="testGroup" value="Parallel Tests"/>
                <label name="testClass" value="com.example.tests.CurrentTests"/>
                <label name="testMethod" value="redirectOnCatalogPages"/>
                <label name="host" value="GorozheevPC"/>
                <label name="thread" value="10112@GorozheevPC.pool-1-thread-1(13)"/>
            </labels>
        </test-case>
        <test-case start="1514548860762" stop="1514548888816" status="passed">
            <name>checkPresensePrices</name>
            <steps/>
            <attachments/>
            <labels>
                <label name="testSuite" value="Suite"/>
                <label name="testGroup" value="Parallel Tests"/>
                <label name="testClass" value="com.example.tests.AdpageTests"/>
                <label name="testMethod" value="checkPresensePrices"/>
                <label name="host" value="GorozheevPC"/>
                <label name="thread" value="10112@GorozheevPC.pool-1-thread-1(13)"/>
            </labels>
        </test-case>
        <test-case start="1514548888818" stop="1514548931677" status="passed">
            <name>checkTitlesAndCkicksOnBreadCrumbWithModel</name>
            <steps/>
            <attachments/>
            <labels>
                <label name="testSuite" value="Suite"/>
                <label name="testGroup" value="Parallel Tests"/>
                <label name="testClass" value="com.example.tests.AdpageTests"/>
                <label name="testMethod" value="checkTitlesAndCkicksOnBreadCrumbWithModel"/>
                <label name="host" value="GorozheevPC"/>
                <label name="thread" value="10112@GorozheevPC.pool-1-thread-1(13)"/>
            </labels>
        </test-case>
        <test-case start="1514548931688" stop="1514549041780" status="passed">
            <name>checkTitlesAndCkicksOnBreadCrumbs</name>
            <steps/>
            <attachments/>
            <labels>
                <label name="testSuite" value="Suite"/>
                <label name="testGroup" value="Parallel Tests"/>
                <label name="testClass" value="com.example.tests.AdpageTests"/>
                <label name="testMethod" value="checkTitlesAndCkicksOnBreadCrumbs"/>
                <label name="host" value="GorozheevPC"/>
                <label name="thread" value="10112@GorozheevPC.pool-1-thread-1(13)"/>
            </labels>
        </test-case>
        <test-case start="1514548981260" stop="1514549052862" status="broken">
            <name>newMenuHeaderSecondPart</name>
            <failure>
                <message>ElementNotVisibleException: Element is not currently visible and so may not be interacted with
Command duration or timeout: 30.12 seconds
Build info: version: '2.53.1', revision: 'a36b8b1cd5757287168e54b817830adce9b0158d', time: '2016-06-30 19:26:09'
System info: host: 'GorozheevPC', ip: '192.168.171.132', os.name: 'Windows 7', os.arch: 'amd64', os.version: '6.1', java.version: '1.8.0_151'
Driver info: org.openqa.selenium.firefox.FirefoxDriver
Capabilities [{applicationCacheEnabled=true, rotatable=false, handlesAlerts=true, databaseEnabled=true, version=45.0, platform=WINDOWS, nativeEvents=false, acceptSslCerts=true, webStorageEnabled=true, locationContextEnabled=true, browserName=firefox, takesScreenshot=true, javascriptEnabled=true, cssSelectorsEnabled=true}]
Session ID: 9b247ce7-05f8-47ca-bd9c-6e772c3b65cb</message>
                <stack-trace>org.openqa.selenium.ElementNotVisibleException: Element is not currently visible and so may not be interacted with
Command duration or timeout: 30.12 seconds
Build info: version: '2.53.1', revision: 'a36b8b1cd5757287168e54b817830adce9b0158d', time: '2016-06-30 19:26:09'
System info: host: 'GorozheevPC', ip: '192.168.171.132', os.name: 'Windows 7', os.arch: 'amd64', os.version: '6.1', java.version: '1.8.0_151'
Driver info: org.openqa.selenium.firefox.FirefoxDriver
Capabilities [{applicationCacheEnabled=true, rotatable=false, handlesAlerts=true, databaseEnabled=true, version=45.0, platform=WINDOWS, nativeEvents=false, acceptSslCerts=true, webStorageEnabled=true, locationContextEnabled=true, browserName=firefox, takesScreenshot=true, javascriptEnabled=true, cssSelectorsEnabled=true}]
Session ID: 9b247ce7-05f8-47ca-bd9c-6e772c3b65cb
	at sun.reflect.NativeConstructorAccessorImpl.newInstance0(Native Method)
	at sun.reflect.NativeConstructorAccessorImpl.newInstance(NativeConstructorAccessorImpl.java:62)
	at sun.reflect.DelegatingConstructorAccessorImpl.newInstance(DelegatingConstructorAccessorImpl.java:45)
	at java.lang.reflect.Constructor.newInstance(Constructor.java:423)
	at org.openqa.selenium.remote.ErrorHandler.createThrowable(ErrorHandler.java:206)
	at org.openqa.selenium.remote.ErrorHandler.throwIfResponseFailed(ErrorHandler.java:158)
	at org.openqa.selenium.remote.RemoteWebDriver.execute(RemoteWebDriver.java:678)
	at org.openqa.selenium.remote.RemoteWebElement.execute(RemoteWebElement.java:327)
	at org.openqa.selenium.remote.RemoteWebElement.click(RemoteWebElement.java:85)
	at com.example.tests.MainMenuHeaderOldAndNew.newMenuHeaderSecondPart(MainMenuHeaderOldAndNew.java:128)
	at sun.reflect.NativeMethodAccessorImpl.invoke0(Native Method)
	at sun.reflect.NativeMethodAccessorImpl.invoke(NativeMethodAccessorImpl.java:62)
	at sun.reflect.DelegatingMethodAccessorImpl.invoke(DelegatingMethodAccessorImpl.java:43)
	at java.lang.reflect.Method.invoke(Method.java:498)
	at org.testng.internal.MethodInvocationHelper.invokeMethod(MethodInvocationHelper.java:80)
	at org.testng.internal.Invoker.invokeMethod(Invoker.java:714)
	at org.testng.internal.Invoker.invokeTestMethod(Invoker.java:901)
	at org.testng.internal.Invoker.invokeTestMethods(Invoker.java:1231)
	at org.testng.internal.TestMethodWorker.invokeTestMethods(TestMethodWorker.java:127)
	at org.testng.internal.TestMethodWorker.run(TestMethodWorker.java:111)
	at java.util.concurrent.ThreadPoolExecutor.runWorker(ThreadPoolExecutor.java:1149)
	at java.util.concurrent.ThreadPoolExecutor$Worker.run(ThreadPoolExecutor.java:624)
	at java.lang.Thread.run(Thread.java:748)
Caused by: org.openqa.selenium.ElementNotVisibleException: Element is not currently visible and so may not be interacted with
Build info: version: '2.53.1', revision: 'a36b8b1cd5757287168e54b817830adce9b0158d', time: '2016-06-30 19:26:09'
System info: host: 'GorozheevPC', ip: '192.168.171.132', os.name: 'Windows 7', os.arch: 'amd64', os.version: '6.1', java.version: '1.8.0_151'
Driver info: driver.version: unknown
	at &lt;anonymous class&gt;.fxdriver.preconditions.visible(file:///C:/Users/GOROZH~1/AppData/Local/Temp/anonymous4974316476142486722webdriver-profile/extensions/fxdriver@googlecode.com/components/command-processor.js:10092)
	at &lt;anonymous class&gt;.DelayedCommand.prototype.checkPreconditions_(file:///C:/Users/GOROZH~1/AppData/Local/Temp/anonymous4974316476142486722webdriver-profile/extensions/fxdriver@googlecode.com/components/command-processor.js:12644)
	at &lt;anonymous class&gt;.DelayedCommand.prototype.executeInternal_/h(file:///C:/Users/GOROZH~1/AppData/Local/Temp/anonymous4974316476142486722webdriver-profile/extensions/fxdriver@googlecode.com/components/command-processor.js:12661)
	at &lt;anonymous class&gt;.fxdriver.Timer.prototype.setTimeout/&lt;.notify(file:///C:/Users/GOROZH~1/AppData/Local/Temp/anonymous4974316476142486722webdriver-profile/extensions/fxdriver@googlecode.com/components/command-processor.js:625)
</stack-trace>
            </failure>
            <steps/>
            <attachments/>
            <labels>
                <label name="testSuite" value="Suite"/>
                <label name="testGroup" value="Parallel Tests"/>
                <label name="testClass" value="com.example.tests.MainMenuHeaderOldAndNew"/>
                <label name="testMethod" value="newMenuHeaderSecondPart"/>
                <label name="host" value="GorozheevPC"/>
                <label name="thread" value="10112@GorozheevPC.pool-1-thread-3(15)"/>
            </labels>
        </test-case>
        <test-case start="1514549041786" stop="1514549069815" status="passed">
            <name>presenseAndClickOnFavorite</name>
            <steps/>
            <attachments/>
            <labels>
                <label name="testSuite" value="Suite"/>
                <label name="testGroup" value="Parallel Tests"/>
                <label name="testClass" value="com.example.tests.AdpageTests"/>
                <label name="testMethod" value="presenseAndClickOnFavorite"/>
                <label name="host" value="GorozheevPC"/>
                <label name="thread" value="10112@GorozheevPC.pool-1-thread-1(13)"/>
            </labels>
        </test-case>
        <test-case start="1514549052864" stop="1514549097964" status="passed">
            <name>newMenuHeaderThirdPart</name>
            <steps/>
            <attachments/>
            <labels>
                <label name="testSuite" value="Suite"/>
                <label name="testGroup" value="Parallel Tests"/>
                <label name="testClass" value="com.example.tests.MainMenuHeaderOldAndNew"/>
                <label name="testMethod" value="newMenuHeaderThirdPart"/>
                <label name="host" value="GorozheevPC"/>
                <label name="thread" value="10112@GorozheevPC.pool-1-thread-3(15)"/>
            </labels>
        </test-case>
    </test-cases>
    <labels>
        <label name="framework" value="TestNG"/>
        <label name="language" value="JAVA"/>
    </labels>
</ns2:test-suite>
