<?xml version="1.0" encoding="UTF-8" standalone="yes"?>
<ns2:test-suite xmlns:ns2="urn:model.allure.qatools.yandex.ru" start="1498027487710" stop="1498030692458" version="1.4.3">
    <name>Default Suite</name>
    <title>Default Suite : AvtomationTestsAvtopoisk</title>
    <test-cases>
        <test-case start="1498027496737" stop="1498027513351" status="passed">
            <name>checkCountAdverts</name>
            <steps/>
            <attachments/>
            <labels/>
        </test-case>
        <test-case start="1498027513482" stop="1498027567808" status="passed">
            <name>initPopapOnFirstAndSecondSearchPages</name>
            <steps/>
            <attachments/>
            <labels/>
        </test-case>
        <test-case start="1498027567815" stop="1498027581444" status="passed">
            <name>openStoOnMainPage</name>
            <steps/>
            <attachments/>
            <labels/>
        </test-case>
        <test-case start="1498027581451" stop="1498027608796" status="passed">
            <name>checkTypeOfCurrency</name>
            <steps/>
            <attachments/>
            <labels/>
        </test-case>
        <test-case start="1498027608799" stop="1498027625136" status="passed">
            <name>checkboxHasPhoto</name>
            <steps/>
            <attachments/>
            <labels/>
        </test-case>
        <test-case start="1498027625138" stop="1498027663240" status="passed">
            <name>choiceMarkAndModel</name>
            <steps/>
            <attachments/>
            <labels/>
        </test-case>
        <test-case start="1498027663241" stop="1498027694825" status="passed">
            <name>choiceModelWithoutMark</name>
            <steps/>
            <attachments/>
            <labels/>
        </test-case>
        <test-case start="1498027694827" stop="1498027722498" status="passed">
            <name>countInTooltipAndInH1</name>
            <steps/>
            <attachments/>
            <labels/>
        </test-case>
        <test-case start="1498027722499" stop="1498027741167" status="passed">
            <name>mileageFrom</name>
            <steps/>
            <attachments/>
            <labels/>
        </test-case>
        <test-case start="1498027741169" stop="1498027789171" status="passed">
            <name>mileageFromTo</name>
            <steps/>
            <attachments/>
            <labels/>
        </test-case>
        <test-case start="1498027789172" stop="1498027846613" status="passed">
            <name>openAdditionalFilters</name>
            <steps/>
            <attachments/>
            <labels/>
        </test-case>
        <test-case start="1498027846614" stop="1498027892322" status="passed">
            <name>paginationTest</name>
            <steps/>
            <attachments/>
            <labels/>
        </test-case>
        <test-case start="1498027892323" stop="1498027909450" status="passed">
            <name>priceFrom</name>
            <steps/>
            <attachments/>
            <labels/>
        </test-case>
        <test-case start="1498027909451" stop="1498027929648" status="passed">
            <name>priceFromTo</name>
            <steps/>
            <attachments/>
            <labels/>
        </test-case>
        <test-case start="1498027929650" stop="1498027951641" status="passed">
            <name>priceTo</name>
            <steps/>
            <attachments/>
            <labels/>
        </test-case>
        <test-case start="1498027951643" stop="1498027972609" status="passed">
            <name>yearFrom</name>
            <steps/>
            <attachments/>
            <labels/>
        </test-case>
        <test-case start="1498027972610" stop="1498027991135" status="passed">
            <name>yearFromYearTo</name>
            <steps/>
            <attachments/>
            <labels/>
        </test-case>
        <test-case start="1498027991136" stop="1498028009197" status="passed">
            <name>yearTo</name>
            <steps/>
            <attachments/>
            <labels/>
        </test-case>
        <test-case start="1498028009199" stop="1498028043320" status="passed">
            <name>breadCrumbs</name>
            <steps/>
            <attachments/>
            <labels/>
        </test-case>
        <test-case start="1498028043322" stop="1498028067207" status="passed">
            <name>breadCrumbsWithMark</name>
            <steps/>
            <attachments/>
            <labels/>
        </test-case>
        <test-case start="1498028067210" stop="1498028086820" status="passed">
            <name>breadCrumbsWithMarkAndModel</name>
            <steps/>
            <attachments/>
            <labels/>
        </test-case>
        <test-case start="1498028086821" stop="1498028097276" status="passed">
            <name>clickOnSubscriptionButton</name>
            <steps/>
            <attachments/>
            <labels/>
        </test-case>
        <test-case start="1498028097277" stop="1498028106426" status="passed">
            <name>countAdvertsOnSearchPage</name>
            <steps/>
            <attachments/>
            <labels/>
        </test-case>
        <test-case start="1498028106427" stop="1498028150326" status="passed">
            <name>customLinksUnderTabs</name>
            <steps/>
            <attachments/>
            <labels/>
        </test-case>
        <test-case start="1498028150332" stop="1498028159956" status="passed">
            <name>presenceTabsAndClickThem</name>
            <steps/>
            <attachments/>
            <labels/>
        </test-case>
        <test-case start="1498028159956" stop="1498028241162" status="passed">
            <name>sortingBy</name>
            <steps/>
            <attachments/>
            <labels/>
        </test-case>
        <test-case start="1498028241170" stop="1498028247032" status="passed">
            <name>adpageSeo</name>
            <steps/>
            <attachments/>
            <labels/>
        </test-case>
        <test-case start="1498028247033" stop="1498028256148" status="passed">
            <name>markPageSeo</name>
            <steps/>
            <attachments/>
            <labels/>
        </test-case>
        <test-case start="1498028256151" stop="1498028263919" status="passed">
            <name>markPlusAuxiliaryFiltersPageSeo</name>
            <steps/>
            <attachments/>
            <labels/>
        </test-case>
        <test-case start="1498028263920" stop="1498028273261" status="passed">
            <name>markPlusModePlusAuxiliaryFilterslPageSeo</name>
            <steps/>
            <attachments/>
            <labels/>
        </test-case>
        <test-case start="1498028273262" stop="1498028283313" status="passed">
            <name>markPlusModelPageSeo</name>
            <steps/>
            <attachments/>
            <labels/>
        </test-case>
        <test-case start="1498028283314" stop="1498028300387" status="passed">
            <name>nofollowOnMainPage</name>
            <steps/>
            <attachments/>
            <labels/>
        </test-case>
        <test-case start="1498028300388" stop="1498028594883" status="passed">
            <name>outclicksOnAdvert</name>
            <steps/>
            <attachments/>
            <labels/>
        </test-case>
        <test-case start="1498028594884" stop="1498028718344" status="passed">
            <name>seoForCastomLinksInTabs</name>
            <steps/>
            <attachments/>
            <labels/>
        </test-case>
        <test-case start="1498028718345" stop="1498028738675" status="passed">
            <name>seoMetaOnCustomLinkPages</name>
            <steps/>
            <attachments/>
            <labels/>
        </test-case>
        <test-case start="1498028738676" stop="1498028774554" status="passed">
            <name>seoMetaOnMainPage</name>
            <steps/>
            <attachments/>
            <labels/>
        </test-case>
        <test-case start="1498028774555" stop="1498028783011" status="passed">
            <name>seoOnLocationSearchPageCar</name>
            <steps/>
            <attachments/>
            <labels/>
        </test-case>
        <test-case start="1498028783012" stop="1498028790358" status="passed">
            <name>seoOnMainSearchPageCar</name>
            <steps/>
            <attachments/>
            <labels/>
        </test-case>
        <test-case start="1498028790360" stop="1498028798712" status="passed">
            <name>seoOnSearchPageOtherCategories</name>
            <steps/>
            <attachments/>
            <labels/>
        </test-case>
        <test-case start="1498028798713" stop="1498028842590" status="passed">
            <name>blockPartners</name>
            <steps/>
            <attachments/>
            <labels/>
        </test-case>
        <test-case start="1498028842593" stop="1498028865923" status="passed">
            <name>checkCkickOnLogo</name>
            <steps/>
            <attachments/>
            <labels/>
        </test-case>
        <test-case start="1498028865924" stop="1498028881978" status="passed">
            <name>checkClickAndTitleOnLastAdverts</name>
            <steps/>
            <attachments/>
            <labels/>
        </test-case>
        <test-case start="1498028881979" stop="1498028927046" status="passed">
            <name>checkClickAndTitlesInBlockCatalogOnMainPage</name>
            <steps/>
            <attachments/>
            <labels/>
        </test-case>
        <test-case start="1498028927048" stop="1498028968211" status="passed">
            <name>checkClickAndTitlesInBlockTestDrivesOnMainPage</name>
            <steps/>
            <attachments/>
            <labels/>
        </test-case>
        <test-case start="1498028968213" stop="1498029112192" status="passed">
            <name>checkTitleAndCklickOnServices</name>
            <steps/>
            <attachments/>
            <labels/>
        </test-case>
        <test-case start="1498029112193" stop="1498029134214" status="passed">
            <name>checkTitleAndClickOnArticles</name>
            <steps/>
            <attachments/>
            <labels/>
        </test-case>
        <test-case start="1498029134215" stop="1498029139457" status="failed">
            <name>checkTitleOnMainPage</name>
            <failure>
                <message>AssertionError: Пропали тайтлы у марок на главной странице</message>
                <stack-trace>java.lang.AssertionError: Пропали тайтлы у марок на главной странице
	at org.testng.AssertJUnit.fail(AssertJUnit.java:59)
	at com.example.tests.TestsForMainPage.checkTitleOnMainPage(TestsForMainPage.java:84)
	at sun.reflect.NativeMethodAccessorImpl.invoke0(Native Method)
	at sun.reflect.NativeMethodAccessorImpl.invoke(NativeMethodAccessorImpl.java:62)
	at sun.reflect.DelegatingMethodAccessorImpl.invoke(DelegatingMethodAccessorImpl.java:43)
	at java.lang.reflect.Method.invoke(Method.java:498)
	at org.testng.internal.MethodInvocationHelper.invokeMethod(MethodInvocationHelper.java:80)
	at org.testng.internal.Invoker.invokeMethod(Invoker.java:714)
	at org.testng.internal.Invoker.invokeTestMethod(Invoker.java:901)
	at org.testng.internal.Invoker.invokeTestMethods(Invoker.java:1231)
	at org.testng.internal.TestMethodWorker.invokeTestMethods(TestMethodWorker.java:127)
	at org.testng.internal.TestMethodWorker.run(TestMethodWorker.java:111)
	at org.testng.TestRunner.privateRun(TestRunner.java:767)
	at org.testng.TestRunner.run(TestRunner.java:617)
	at org.testng.SuiteRunner.runTest(SuiteRunner.java:334)
	at org.testng.SuiteRunner.runSequentially(SuiteRunner.java:329)
	at org.testng.SuiteRunner.privateRun(SuiteRunner.java:291)
	at org.testng.SuiteRunner.run(SuiteRunner.java:240)
	at org.testng.SuiteRunnerWorker.runSuite(SuiteRunnerWorker.java:52)
	at org.testng.SuiteRunnerWorker.run(SuiteRunnerWorker.java:86)
	at org.testng.TestNG.runSuitesSequentially(TestNG.java:1198)
	at org.testng.TestNG.runSuitesLocally(TestNG.java:1123)
	at org.testng.TestNG.run(TestNG.java:1031)
	at org.testng.IDEARemoteTestNG.run(IDEARemoteTestNG.java:72)
	at org.testng.RemoteTestNGStarter.main(RemoteTestNGStarter.java:127)
	at sun.reflect.NativeMethodAccessorImpl.invoke0(Native Method)
	at sun.reflect.NativeMethodAccessorImpl.invoke(NativeMethodAccessorImpl.java:62)
	at sun.reflect.DelegatingMethodAccessorImpl.invoke(DelegatingMethodAccessorImpl.java:43)
	at java.lang.reflect.Method.invoke(Method.java:498)
	at com.intellij.rt.execution.application.AppMain.main(AppMain.java:147)
</stack-trace>
            </failure>
            <steps/>
            <attachments/>
            <labels/>
        </test-case>
        <test-case start="1498029139457" stop="1498029150981" status="passed">
            <name>checkTitlesAndGoToAllCityesPage</name>
            <steps/>
            <attachments/>
            <labels/>
        </test-case>
        <test-case start="1498029150982" stop="1498029173580" status="passed">
            <name>checkTitlesTopCategory</name>
            <steps/>
            <attachments/>
            <labels/>
        </test-case>
        <test-case start="1498029173582" stop="1498029202156" status="passed">
            <name>checkTitlesTopCategoryMoscow</name>
            <steps/>
            <attachments/>
            <labels/>
        </test-case>
        <test-case start="1498029202157" stop="1498029346596" status="passed">
            <name>checkTopCategoryInFooter</name>
            <steps/>
            <attachments/>
            <labels/>
        </test-case>
        <test-case start="1498029346597" stop="1498029367517" status="passed">
            <name>checkUpFines</name>
            <steps/>
            <attachments/>
            <labels/>
        </test-case>
        <test-case start="1498029367518" stop="1498029385789" status="passed">
            <name>choiceDifferentGrafics</name>
            <steps/>
            <attachments/>
            <labels/>
        </test-case>
        <test-case start="1498029385790" stop="1498029404050" status="passed">
            <name>chooseLocationInHeder</name>
            <steps/>
            <attachments/>
            <labels/>
        </test-case>
        <test-case start="1498029404051" stop="1498029412186" status="passed">
            <name>ckickOnButtonAddAdvert</name>
            <steps/>
            <attachments/>
            <labels/>
        </test-case>
        <test-case start="1498029412187" stop="1498029433911" status="passed">
            <name>clickOnTextLogo</name>
            <steps/>
            <attachments/>
            <labels/>
        </test-case>
        <test-case start="1498029433912" stop="1498029461966" status="failed">
            <name>goToMarkPageAndToAllBrandsPage</name>
            <failure>
                <message>AssertionError: Не отображаются тайтлы марок на странице Всех марок</message>
                <stack-trace>java.lang.AssertionError: Не отображаются тайтлы марок на странице Всех марок
	at org.testng.AssertJUnit.fail(AssertJUnit.java:59)
	at com.example.tests.TestsForMainPage.goToMarkPageAndToAllBrandsPage(TestsForMainPage.java:100)
	at sun.reflect.NativeMethodAccessorImpl.invoke0(Native Method)
	at sun.reflect.NativeMethodAccessorImpl.invoke(NativeMethodAccessorImpl.java:62)
	at sun.reflect.DelegatingMethodAccessorImpl.invoke(DelegatingMethodAccessorImpl.java:43)
	at java.lang.reflect.Method.invoke(Method.java:498)
	at org.testng.internal.MethodInvocationHelper.invokeMethod(MethodInvocationHelper.java:80)
	at org.testng.internal.Invoker.invokeMethod(Invoker.java:714)
	at org.testng.internal.Invoker.invokeTestMethod(Invoker.java:901)
	at org.testng.internal.Invoker.invokeTestMethods(Invoker.java:1231)
	at org.testng.internal.TestMethodWorker.invokeTestMethods(TestMethodWorker.java:127)
	at org.testng.internal.TestMethodWorker.run(TestMethodWorker.java:111)
	at org.testng.TestRunner.privateRun(TestRunner.java:767)
	at org.testng.TestRunner.run(TestRunner.java:617)
	at org.testng.SuiteRunner.runTest(SuiteRunner.java:334)
	at org.testng.SuiteRunner.runSequentially(SuiteRunner.java:329)
	at org.testng.SuiteRunner.privateRun(SuiteRunner.java:291)
	at org.testng.SuiteRunner.run(SuiteRunner.java:240)
	at org.testng.SuiteRunnerWorker.runSuite(SuiteRunnerWorker.java:52)
	at org.testng.SuiteRunnerWorker.run(SuiteRunnerWorker.java:86)
	at org.testng.TestNG.runSuitesSequentially(TestNG.java:1198)
	at org.testng.TestNG.runSuitesLocally(TestNG.java:1123)
	at org.testng.TestNG.run(TestNG.java:1031)
	at org.testng.IDEARemoteTestNG.run(IDEARemoteTestNG.java:72)
	at org.testng.RemoteTestNGStarter.main(RemoteTestNGStarter.java:127)
	at sun.reflect.NativeMethodAccessorImpl.invoke0(Native Method)
	at sun.reflect.NativeMethodAccessorImpl.invoke(NativeMethodAccessorImpl.java:62)
	at sun.reflect.DelegatingMethodAccessorImpl.invoke(DelegatingMethodAccessorImpl.java:43)
	at java.lang.reflect.Method.invoke(Method.java:498)
	at com.intellij.rt.execution.application.AppMain.main(AppMain.java:147)
</stack-trace>
            </failure>
            <steps/>
            <attachments/>
            <labels/>
        </test-case>
        <test-case start="1498029461967" stop="1498029467899" status="passed">
            <name>presenceElementsOnMainPage</name>
            <steps/>
            <attachments/>
            <labels/>
        </test-case>
        <test-case start="1498029467900" stop="1498029484159" status="passed">
            <name>presenceElementsOnMainPageMoskov</name>
            <steps/>
            <attachments/>
            <labels/>
        </test-case>
        <test-case start="1498029484160" stop="1498029525715" status="passed">
            <name>presenceIconsOfSocialNetworks</name>
            <steps/>
            <attachments/>
            <labels/>
        </test-case>
        <test-case start="1498029525716" stop="1498029531175" status="passed">
            <name>presenceSeoTextInFooter</name>
            <steps/>
            <attachments/>
            <labels/>
        </test-case>
        <test-case start="1498029531176" stop="1498029543632" status="passed">
            <name>searchFieldWithPressedTabsCatalog</name>
            <steps/>
            <attachments/>
            <labels/>
        </test-case>
        <test-case start="1498029543632" stop="1498029590653" status="passed">
            <name>testSearchFieldWithPressedTabs</name>
            <steps/>
            <attachments/>
            <labels/>
        </test-case>
        <test-case start="1498029590654" stop="1498029605327" status="passed">
            <name>testSearchFilterWithWalue</name>
            <steps/>
            <attachments/>
            <labels/>
        </test-case>
        <test-case start="1498029605328" stop="1498029617927" status="passed">
            <name>testWithEmptySearchFilter</name>
            <steps/>
            <attachments/>
            <labels/>
        </test-case>
        <test-case start="1498029617927" stop="1498029758473" status="broken">
            <name>dropDownMenuHeaderFifthdPart</name>
            <failure>
                <message>TimeoutException: Timed out waiting for page load.
Command duration or timeout: 10.06 seconds
Build info: version: '2.53.1', revision: 'a36b8b1cd5757287168e54b817830adce9b0158d', time: '2016-06-30 19:26:09'
System info: host: 'gorozheyev', ip: '192.168.171.98', os.name: 'Windows 7', os.arch: 'amd64', os.version: '6.1', java.version: '1.8.0_77'
Driver info: org.openqa.selenium.firefox.FirefoxDriver
Capabilities [{applicationCacheEnabled=true, rotatable=false, handlesAlerts=true, databaseEnabled=true, version=45.0, platform=WINDOWS, nativeEvents=false, acceptSslCerts=true, webStorageEnabled=true, locationContextEnabled=true, browserName=firefox, takesScreenshot=true, javascriptEnabled=true, cssSelectorsEnabled=true}]
Session ID: 36027ea3-211d-4a2e-b469-4840c0e68724</message>
                <stack-trace>org.openqa.selenium.TimeoutException: Timed out waiting for page load.
Command duration or timeout: 10.06 seconds
Build info: version: '2.53.1', revision: 'a36b8b1cd5757287168e54b817830adce9b0158d', time: '2016-06-30 19:26:09'
System info: host: 'gorozheyev', ip: '192.168.171.98', os.name: 'Windows 7', os.arch: 'amd64', os.version: '6.1', java.version: '1.8.0_77'
Driver info: org.openqa.selenium.firefox.FirefoxDriver
Capabilities [{applicationCacheEnabled=true, rotatable=false, handlesAlerts=true, databaseEnabled=true, version=45.0, platform=WINDOWS, nativeEvents=false, acceptSslCerts=true, webStorageEnabled=true, locationContextEnabled=true, browserName=firefox, takesScreenshot=true, javascriptEnabled=true, cssSelectorsEnabled=true}]
Session ID: 36027ea3-211d-4a2e-b469-4840c0e68724
	at sun.reflect.NativeConstructorAccessorImpl.newInstance0(Native Method)
	at sun.reflect.NativeConstructorAccessorImpl.newInstance(NativeConstructorAccessorImpl.java:62)
	at sun.reflect.DelegatingConstructorAccessorImpl.newInstance(DelegatingConstructorAccessorImpl.java:45)
	at java.lang.reflect.Constructor.newInstance(Constructor.java:423)
	at org.openqa.selenium.remote.ErrorHandler.createThrowable(ErrorHandler.java:206)
	at org.openqa.selenium.remote.ErrorHandler.throwIfResponseFailed(ErrorHandler.java:158)
	at org.openqa.selenium.remote.RemoteWebDriver.execute(RemoteWebDriver.java:678)
	at org.openqa.selenium.remote.RemoteWebElement.execute(RemoteWebElement.java:327)
	at org.openqa.selenium.remote.RemoteWebElement.click(RemoteWebElement.java:85)
	at com.example.tests.TestsForMainPage.dropDownMenuHeaderFifthdPart(TestsForMainPage.java:515)
	at sun.reflect.NativeMethodAccessorImpl.invoke0(Native Method)
	at sun.reflect.NativeMethodAccessorImpl.invoke(NativeMethodAccessorImpl.java:62)
	at sun.reflect.DelegatingMethodAccessorImpl.invoke(DelegatingMethodAccessorImpl.java:43)
	at java.lang.reflect.Method.invoke(Method.java:498)
	at org.testng.internal.MethodInvocationHelper.invokeMethod(MethodInvocationHelper.java:80)
	at org.testng.internal.Invoker.invokeMethod(Invoker.java:714)
	at org.testng.internal.Invoker.invokeTestMethod(Invoker.java:901)
	at org.testng.internal.Invoker.invokeTestMethods(Invoker.java:1231)
	at org.testng.internal.TestMethodWorker.invokeTestMethods(TestMethodWorker.java:127)
	at org.testng.internal.TestMethodWorker.run(TestMethodWorker.java:111)
	at org.testng.TestRunner.privateRun(TestRunner.java:767)
	at org.testng.TestRunner.run(TestRunner.java:617)
	at org.testng.SuiteRunner.runTest(SuiteRunner.java:334)
	at org.testng.SuiteRunner.runSequentially(SuiteRunner.java:329)
	at org.testng.SuiteRunner.privateRun(SuiteRunner.java:291)
	at org.testng.SuiteRunner.run(SuiteRunner.java:240)
	at org.testng.SuiteRunnerWorker.runSuite(SuiteRunnerWorker.java:52)
	at org.testng.SuiteRunnerWorker.run(SuiteRunnerWorker.java:86)
	at org.testng.TestNG.runSuitesSequentially(TestNG.java:1198)
	at org.testng.TestNG.runSuitesLocally(TestNG.java:1123)
	at org.testng.TestNG.run(TestNG.java:1031)
	at org.testng.IDEARemoteTestNG.run(IDEARemoteTestNG.java:72)
	at org.testng.RemoteTestNGStarter.main(RemoteTestNGStarter.java:127)
	at sun.reflect.NativeMethodAccessorImpl.invoke0(Native Method)
	at sun.reflect.NativeMethodAccessorImpl.invoke(NativeMethodAccessorImpl.java:62)
	at sun.reflect.DelegatingMethodAccessorImpl.invoke(DelegatingMethodAccessorImpl.java:43)
	at java.lang.reflect.Method.invoke(Method.java:498)
	at com.intellij.rt.execution.application.AppMain.main(AppMain.java:147)
Caused by: org.openqa.selenium.TimeoutException: Timed out waiting for page load.
Build info: version: '2.53.1', revision: 'a36b8b1cd5757287168e54b817830adce9b0158d', time: '2016-06-30 19:26:09'
System info: host: 'gorozheyev', ip: '192.168.171.98', os.name: 'Windows 7', os.arch: 'amd64', os.version: '6.1', java.version: '1.8.0_77'
Driver info: driver.version: unknown
	at &lt;anonymous class&gt;.Utils.installClickListener/e&lt;(file:///C:/Users/GOROZH~1/AppData/Local/Temp/anonymous7571242954945095381webdriver-profile/extensions/fxdriver@googlecode.com/components/command-processor.js:9372)
	at &lt;anonymous class&gt;.WebLoadingListener/e(file:///C:/Users/GOROZH~1/AppData/Local/Temp/anonymous7571242954945095381webdriver-profile/extensions/fxdriver@googlecode.com/components/command-processor.js:5142)
	at &lt;anonymous class&gt;.WebLoadingListener/&lt;(file:///C:/Users/GOROZH~1/AppData/Local/Temp/anonymous7571242954945095381webdriver-profile/extensions/fxdriver@googlecode.com/components/command-processor.js:5150)
	at &lt;anonymous class&gt;.fxdriver.Timer.prototype.setTimeout/&lt;.notify(file:///C:/Users/GOROZH~1/AppData/Local/Temp/anonymous7571242954945095381webdriver-profile/extensions/fxdriver@googlecode.com/components/command-processor.js:625)
</stack-trace>
            </failure>
            <steps/>
            <attachments/>
            <labels/>
        </test-case>
        <test-case start="1498029758474" stop="1498029919141" status="passed">
            <name>dropDownMenuHeaderFirstPart</name>
            <steps/>
            <attachments/>
            <labels/>
        </test-case>
        <test-case start="1498029919144" stop="1498030119766" status="passed">
            <name>dropDownMenuHeaderForthdPart</name>
            <steps/>
            <attachments/>
            <labels/>
        </test-case>
        <test-case start="1498030119767" stop="1498030298739" status="passed">
            <name>dropDownMenuHeaderSecondPart</name>
            <steps/>
            <attachments/>
            <labels/>
        </test-case>
        <test-case start="1498030298740" stop="1498030485322" status="passed">
            <name>dropDownMenuHeaderSixdPart</name>
            <steps/>
            <attachments/>
            <labels/>
        </test-case>
        <test-case start="1498030485323" stop="1498030665629" status="passed">
            <name>dropDownMenuHeaderThirdPart</name>
            <steps/>
            <attachments/>
            <labels/>
        </test-case>
    </test-cases>
    <labels>
        <label name="framework" value="TestNG"/>
        <label name="language" value="JAVA"/>
    </labels>
</ns2:test-suite>
