<?xml version="1.0" encoding="UTF-8" standalone="yes"?>
<ns2:test-suite xmlns:ns2="urn:model.allure.qatools.yandex.ru" start="1498206885740" stop="1498207727742" version="1.4.3">
    <name>Default Suite</name>
    <title>Default Suite : AvtomationTestsAvtopoisk</title>
    <test-cases>
        <test-case start="1498206893667" stop="1498206937971" status="passed">
            <name>blockPartners</name>
            <steps/>
            <attachments/>
            <labels/>
        </test-case>
        <test-case start="1498206938080" stop="1498206963228" status="passed">
            <name>checkCkickOnLogo</name>
            <steps/>
            <attachments/>
            <labels/>
        </test-case>
        <test-case start="1498206963232" stop="1498206981582" status="passed">
            <name>checkClickAndTitleOnLastAdverts</name>
            <steps/>
            <attachments/>
            <labels/>
        </test-case>
        <test-case start="1498206981585" stop="1498207025537" status="passed">
            <name>checkClickAndTitlesInBlockCatalogOnMainPage</name>
            <steps/>
            <attachments/>
            <labels/>
        </test-case>
        <test-case start="1498207025538" stop="1498207068061" status="passed">
            <name>checkClickAndTitlesInBlockTestDrivesOnMainPage</name>
            <steps/>
            <attachments/>
            <labels/>
        </test-case>
        <test-case start="1498207068062" stop="1498207210985" status="passed">
            <name>checkTitleAndCklickOnServices</name>
            <steps/>
            <attachments/>
            <labels/>
        </test-case>
        <test-case start="1498207210986" stop="1498207233219" status="passed">
            <name>checkTitleAndClickOnArticles</name>
            <steps/>
            <attachments/>
            <labels/>
        </test-case>
        <test-case start="1498207233220" stop="1498207238585" status="failed">
            <name>checkTitleOnMainPage</name>
            <failure>
                <message>AssertionError: Пропали тайтлы у марок на главной странице</message>
                <stack-trace>java.lang.AssertionError: Пропали тайтлы у марок на главной странице
	at org.testng.AssertJUnit.fail(AssertJUnit.java:59)
	at com.example.tests.TestsForMainPage.checkTitleOnMainPage(TestsForMainPage.java:84)
	at sun.reflect.NativeMethodAccessorImpl.invoke0(Native Method)
	at sun.reflect.NativeMethodAccessorImpl.invoke(NativeMethodAccessorImpl.java:62)
	at sun.reflect.DelegatingMethodAccessorImpl.invoke(DelegatingMethodAccessorImpl.java:43)
	at java.lang.reflect.Method.invoke(Method.java:498)
	at org.testng.internal.MethodInvocationHelper.invokeMethod(MethodInvocationHelper.java:80)
	at org.testng.internal.Invoker.invokeMethod(Invoker.java:714)
	at org.testng.internal.Invoker.invokeTestMethod(Invoker.java:901)
	at org.testng.internal.Invoker.invokeTestMethods(Invoker.java:1231)
	at org.testng.internal.TestMethodWorker.invokeTestMethods(TestMethodWorker.java:127)
	at org.testng.internal.TestMethodWorker.run(TestMethodWorker.java:111)
	at org.testng.TestRunner.privateRun(TestRunner.java:767)
	at org.testng.TestRunner.run(TestRunner.java:617)
	at org.testng.SuiteRunner.runTest(SuiteRunner.java:334)
	at org.testng.SuiteRunner.runSequentially(SuiteRunner.java:329)
	at org.testng.SuiteRunner.privateRun(SuiteRunner.java:291)
	at org.testng.SuiteRunner.run(SuiteRunner.java:240)
	at org.testng.SuiteRunnerWorker.runSuite(SuiteRunnerWorker.java:52)
	at org.testng.SuiteRunnerWorker.run(SuiteRunnerWorker.java:86)
	at org.testng.TestNG.runSuitesSequentially(TestNG.java:1198)
	at org.testng.TestNG.runSuitesLocally(TestNG.java:1123)
	at org.testng.TestNG.run(TestNG.java:1031)
	at org.testng.IDEARemoteTestNG.run(IDEARemoteTestNG.java:72)
	at org.testng.RemoteTestNGStarter.main(RemoteTestNGStarter.java:127)
	at sun.reflect.NativeMethodAccessorImpl.invoke0(Native Method)
	at sun.reflect.NativeMethodAccessorImpl.invoke(NativeMethodAccessorImpl.java:62)
	at sun.reflect.DelegatingMethodAccessorImpl.invoke(DelegatingMethodAccessorImpl.java:43)
	at java.lang.reflect.Method.invoke(Method.java:498)
	at com.intellij.rt.execution.application.AppMain.main(AppMain.java:147)
</stack-trace>
            </failure>
            <steps/>
            <attachments/>
            <labels/>
        </test-case>
        <test-case start="1498207238585" stop="1498207250069" status="passed">
            <name>checkTitlesAndGoToAllCityesPage</name>
            <steps/>
            <attachments/>
            <labels/>
        </test-case>
        <test-case start="1498207250070" stop="1498207274558" status="passed">
            <name>checkTitlesTopCategory</name>
            <steps/>
            <attachments/>
            <labels/>
        </test-case>
        <test-case start="1498207274559" stop="1498207305593" status="passed">
            <name>checkTitlesTopCategoryMoscow</name>
            <steps/>
            <attachments/>
            <labels/>
        </test-case>
        <test-case start="1498207305594" stop="1498207451681" status="passed">
            <name>checkTopCategoryInFooter</name>
            <steps/>
            <attachments/>
            <labels/>
        </test-case>
        <test-case start="1498207451683" stop="1498207472511" status="passed">
            <name>checkUpFines</name>
            <steps/>
            <attachments/>
            <labels/>
        </test-case>
        <test-case start="1498207472513" stop="1498207492543" status="passed">
            <name>choiceDifferentGrafics</name>
            <steps/>
            <attachments/>
            <labels/>
        </test-case>
        <test-case start="1498207492544" stop="1498207510883" status="passed">
            <name>chooseLocationInHeder</name>
            <steps/>
            <attachments/>
            <labels/>
        </test-case>
        <test-case start="1498207510884" stop="1498207518923" status="passed">
            <name>ckickOnButtonAddAdvert</name>
            <steps/>
            <attachments/>
            <labels/>
        </test-case>
        <test-case start="1498207518924" stop="1498207540456" status="passed">
            <name>clickOnTextLogo</name>
            <steps/>
            <attachments/>
            <labels/>
        </test-case>
        <test-case start="1498207540457" stop="1498207570275" status="failed">
            <name>goToMarkPageAndToAllBrandsPage</name>
            <failure>
                <message>AssertionError: Не отображаются тайтлы марок на странице Всех марок</message>
                <stack-trace>java.lang.AssertionError: Не отображаются тайтлы марок на странице Всех марок
	at org.testng.AssertJUnit.fail(AssertJUnit.java:59)
	at com.example.tests.TestsForMainPage.goToMarkPageAndToAllBrandsPage(TestsForMainPage.java:100)
	at sun.reflect.NativeMethodAccessorImpl.invoke0(Native Method)
	at sun.reflect.NativeMethodAccessorImpl.invoke(NativeMethodAccessorImpl.java:62)
	at sun.reflect.DelegatingMethodAccessorImpl.invoke(DelegatingMethodAccessorImpl.java:43)
	at java.lang.reflect.Method.invoke(Method.java:498)
	at org.testng.internal.MethodInvocationHelper.invokeMethod(MethodInvocationHelper.java:80)
	at org.testng.internal.Invoker.invokeMethod(Invoker.java:714)
	at org.testng.internal.Invoker.invokeTestMethod(Invoker.java:901)
	at org.testng.internal.Invoker.invokeTestMethods(Invoker.java:1231)
	at org.testng.internal.TestMethodWorker.invokeTestMethods(TestMethodWorker.java:127)
	at org.testng.internal.TestMethodWorker.run(TestMethodWorker.java:111)
	at org.testng.TestRunner.privateRun(TestRunner.java:767)
	at org.testng.TestRunner.run(TestRunner.java:617)
	at org.testng.SuiteRunner.runTest(SuiteRunner.java:334)
	at org.testng.SuiteRunner.runSequentially(SuiteRunner.java:329)
	at org.testng.SuiteRunner.privateRun(SuiteRunner.java:291)
	at org.testng.SuiteRunner.run(SuiteRunner.java:240)
	at org.testng.SuiteRunnerWorker.runSuite(SuiteRunnerWorker.java:52)
	at org.testng.SuiteRunnerWorker.run(SuiteRunnerWorker.java:86)
	at org.testng.TestNG.runSuitesSequentially(TestNG.java:1198)
	at org.testng.TestNG.runSuitesLocally(TestNG.java:1123)
	at org.testng.TestNG.run(TestNG.java:1031)
	at org.testng.IDEARemoteTestNG.run(IDEARemoteTestNG.java:72)
	at org.testng.RemoteTestNGStarter.main(RemoteTestNGStarter.java:127)
	at sun.reflect.NativeMethodAccessorImpl.invoke0(Native Method)
	at sun.reflect.NativeMethodAccessorImpl.invoke(NativeMethodAccessorImpl.java:62)
	at sun.reflect.DelegatingMethodAccessorImpl.invoke(DelegatingMethodAccessorImpl.java:43)
	at java.lang.reflect.Method.invoke(Method.java:498)
	at com.intellij.rt.execution.application.AppMain.main(AppMain.java:147)
</stack-trace>
            </failure>
            <steps/>
            <attachments/>
            <labels/>
        </test-case>
        <test-case start="1498207570276" stop="1498207575932" status="passed">
            <name>presenceElementsOnMainPage</name>
            <steps/>
            <attachments/>
            <labels/>
        </test-case>
        <test-case start="1498207575933" stop="1498207593024" status="passed">
            <name>presenceElementsOnMainPageMoskov</name>
            <steps/>
            <attachments/>
            <labels/>
        </test-case>
        <test-case start="1498207593025" stop="1498207631921" status="passed">
            <name>presenceIconsOfSocialNetworks</name>
            <steps/>
            <attachments/>
            <labels/>
        </test-case>
        <test-case start="1498207631924" stop="1498207637299" status="passed">
            <name>presenceSeoTextInFooter</name>
            <steps/>
            <attachments/>
            <labels/>
        </test-case>
        <test-case start="1498207637302" stop="1498207649875" status="passed">
            <name>searchFieldWithPressedTabsCatalog</name>
            <steps/>
            <attachments/>
            <labels/>
        </test-case>
        <test-case start="1498207649876" stop="1498207696774" status="passed">
            <name>testSearchFieldWithPressedTabs</name>
            <steps/>
            <attachments/>
            <labels/>
        </test-case>
        <test-case start="1498207696775" stop="1498207711206" status="passed">
            <name>testSearchFilterWithWalue</name>
            <steps/>
            <attachments/>
            <labels/>
        </test-case>
        <test-case start="1498207711207" stop="1498207725013" status="passed">
            <name>testWithEmptySearchFilter</name>
            <steps/>
            <attachments/>
            <labels/>
        </test-case>
    </test-cases>
    <labels>
        <label name="framework" value="TestNG"/>
        <label name="language" value="JAVA"/>
    </labels>
</ns2:test-suite>
