<?xml version="1.0" encoding="UTF-8" standalone="yes"?>
<ns2:test-suite xmlns:ns2="urn:model.allure.qatools.yandex.ru" start="1498203779300" stop="1498205315112" version="1.4.3">
    <name>Suite</name>
    <title>Suite : Parallel Tests</title>
    <test-cases>
        <test-case start="1498203787997" stop="1498203836139" status="passed">
            <name>blockPartners</name>
            <steps/>
            <attachments/>
            <labels/>
        </test-case>
        <test-case start="1498203794289" stop="1498204010544" status="passed">
            <name>dropDownMenuHeaderFifthdPart</name>
            <steps/>
            <attachments/>
            <labels/>
        </test-case>
        <test-case start="1498203801583" stop="1498203843085" status="passed">
            <name>checkTypeOfCurrency</name>
            <steps/>
            <attachments/>
            <labels/>
        </test-case>
        <test-case start="1498203836470" stop="1498203867322" status="passed">
            <name>checkCkickOnLogo</name>
            <steps/>
            <attachments/>
            <labels/>
        </test-case>
        <test-case start="1498203843099" stop="1498203870818" status="passed">
            <name>checkboxHasPhoto</name>
            <steps/>
            <attachments/>
            <labels/>
        </test-case>
        <test-case start="1498203867326" stop="1498203887622" status="passed">
            <name>checkClickAndTitleOnLastAdverts</name>
            <steps/>
            <attachments/>
            <labels/>
        </test-case>
        <test-case start="1498203870822" stop="1498203940209" status="passed">
            <name>choiceMarkAndModel</name>
            <steps/>
            <attachments/>
            <labels/>
        </test-case>
        <test-case start="1498203887623" stop="1498203938258" status="passed">
            <name>checkClickAndTitlesInBlockCatalogOnMainPage</name>
            <steps/>
            <attachments/>
            <labels/>
        </test-case>
        <test-case start="1498203938260" stop="1498203994591" status="passed">
            <name>checkClickAndTitlesInBlockTestDrivesOnMainPage</name>
            <steps/>
            <attachments/>
            <labels/>
        </test-case>
        <test-case start="1498203940211" stop="1498203989391" status="passed">
            <name>choiceModelWithoutMark</name>
            <steps/>
            <attachments/>
            <labels/>
        </test-case>
        <test-case start="1498203989392" stop="1498204033254" status="passed">
            <name>countInTooltipAndInH1</name>
            <steps/>
            <attachments/>
            <labels/>
        </test-case>
        <test-case start="1498203994593" stop="1498204168283" status="passed">
            <name>checkTitleAndCklickOnServices</name>
            <steps/>
            <attachments/>
            <labels/>
        </test-case>
        <test-case start="1498204010548" stop="1498204220880" status="passed">
            <name>dropDownMenuHeaderFirstPart</name>
            <steps/>
            <attachments/>
            <labels/>
        </test-case>
        <test-case start="1498204033256" stop="1498204070096" status="passed">
            <name>mileageFrom</name>
            <steps/>
            <attachments/>
            <labels/>
        </test-case>
        <test-case start="1498204070098" stop="1498204126912" status="passed">
            <name>mileageFromTo</name>
            <steps/>
            <attachments/>
            <labels/>
        </test-case>
        <test-case start="1498204126913" stop="1498204223141" status="passed">
            <name>openAdditionalFilters</name>
            <steps/>
            <attachments/>
            <labels/>
        </test-case>
        <test-case start="1498204168285" stop="1498204195347" status="passed">
            <name>checkTitleAndClickOnArticles</name>
            <steps/>
            <attachments/>
            <labels/>
        </test-case>
        <test-case start="1498204195349" stop="1498204201722" status="failed">
            <name>checkTitleOnMainPage</name>
            <failure>
                <message>AssertionError: Пропали тайтлы у марок на главной странице</message>
                <stack-trace>java.lang.AssertionError: Пропали тайтлы у марок на главной странице
	at org.testng.AssertJUnit.fail(AssertJUnit.java:59)
	at com.example.tests.TestsForMainPage.checkTitleOnMainPage(TestsForMainPage.java:85)
	at sun.reflect.NativeMethodAccessorImpl.invoke0(Native Method)
	at sun.reflect.NativeMethodAccessorImpl.invoke(NativeMethodAccessorImpl.java:62)
	at sun.reflect.DelegatingMethodAccessorImpl.invoke(DelegatingMethodAccessorImpl.java:43)
	at java.lang.reflect.Method.invoke(Method.java:498)
	at org.testng.internal.MethodInvocationHelper.invokeMethod(MethodInvocationHelper.java:80)
	at org.testng.internal.Invoker.invokeMethod(Invoker.java:714)
	at org.testng.internal.Invoker.invokeTestMethod(Invoker.java:901)
	at org.testng.internal.Invoker.invokeTestMethods(Invoker.java:1231)
	at org.testng.internal.TestMethodWorker.invokeTestMethods(TestMethodWorker.java:127)
	at org.testng.internal.TestMethodWorker.run(TestMethodWorker.java:111)
	at java.util.concurrent.ThreadPoolExecutor.runWorker(ThreadPoolExecutor.java:1142)
	at java.util.concurrent.ThreadPoolExecutor$Worker.run(ThreadPoolExecutor.java:617)
	at java.lang.Thread.run(Thread.java:745)
</stack-trace>
            </failure>
            <steps/>
            <attachments/>
            <labels/>
        </test-case>
        <test-case start="1498204201723" stop="1498204215694" status="passed">
            <name>checkTitlesAndGoToAllCityesPage</name>
            <steps/>
            <attachments/>
            <labels/>
        </test-case>
        <test-case start="1498204215695" stop="1498204244268" status="passed">
            <name>checkTitlesTopCategory</name>
            <steps/>
            <attachments/>
            <labels/>
        </test-case>
        <test-case start="1498204220882" stop="1498204471720" status="passed">
            <name>dropDownMenuHeaderForthdPart</name>
            <steps/>
            <attachments/>
            <labels/>
        </test-case>
        <test-case start="1498204223143" stop="1498204302943" status="passed">
            <name>paginationTest</name>
            <steps/>
            <attachments/>
            <labels/>
        </test-case>
        <test-case start="1498204244276" stop="1498204287187" status="passed">
            <name>checkTitlesTopCategoryMoscow</name>
            <steps/>
            <attachments/>
            <labels/>
        </test-case>
        <test-case start="1498204287188" stop="1498204462864" status="passed">
            <name>checkTopCategoryInFooter</name>
            <steps/>
            <attachments/>
            <labels/>
        </test-case>
        <test-case start="1498204302944" stop="1498204331376" status="passed">
            <name>priceFrom</name>
            <steps/>
            <attachments/>
            <labels/>
        </test-case>
        <test-case start="1498204331377" stop="1498204362043" status="passed">
            <name>priceFromTo</name>
            <steps/>
            <attachments/>
            <labels/>
        </test-case>
        <test-case start="1498204362045" stop="1498204390395" status="passed">
            <name>priceTo</name>
            <steps/>
            <attachments/>
            <labels/>
        </test-case>
        <test-case start="1498204390396" stop="1498204417643" status="passed">
            <name>yearFrom</name>
            <steps/>
            <attachments/>
            <labels/>
        </test-case>
        <test-case start="1498204417644" stop="1498204445245" status="passed">
            <name>yearFromYearTo</name>
            <steps/>
            <attachments/>
            <labels/>
        </test-case>
        <test-case start="1498204445248" stop="1498204470932" status="passed">
            <name>yearTo</name>
            <steps/>
            <attachments/>
            <labels/>
        </test-case>
        <test-case start="1498204462865" stop="1498204487018" status="passed">
            <name>checkUpFines</name>
            <steps/>
            <attachments/>
            <labels/>
        </test-case>
        <test-case start="1498204471723" stop="1498204702451" status="passed">
            <name>dropDownMenuHeaderSecondPart</name>
            <steps/>
            <attachments/>
            <labels/>
        </test-case>
        <test-case start="1498204487019" stop="1498204508388" status="passed">
            <name>choiceDifferentGrafics</name>
            <steps/>
            <attachments/>
            <labels/>
        </test-case>
        <test-case start="1498204505025" stop="1498204523722" status="passed">
            <name>breadCrumbs</name>
            <steps/>
            <attachments/>
            <labels/>
        </test-case>
        <test-case start="1498204508389" stop="1498204527888" status="passed">
            <name>chooseLocationInHeder</name>
            <steps/>
            <attachments/>
            <labels/>
        </test-case>
        <test-case start="1498204523724" stop="1498204553201" status="passed">
            <name>breadCrumbsWithMark</name>
            <steps/>
            <attachments/>
            <labels/>
        </test-case>
        <test-case start="1498204527890" stop="1498204540865" status="passed">
            <name>ckickOnButtonAddAdvert</name>
            <steps/>
            <attachments/>
            <labels/>
        </test-case>
        <test-case start="1498204540866" stop="1498204565262" status="passed">
            <name>clickOnTextLogo</name>
            <steps/>
            <attachments/>
            <labels/>
        </test-case>
        <test-case start="1498204553203" stop="1498204579305" status="passed">
            <name>breadCrumbsWithMarkAndModel</name>
            <steps/>
            <attachments/>
            <labels/>
        </test-case>
        <test-case start="1498204565263" stop="1498204605424" status="failed">
            <name>goToMarkPageAndToAllBrandsPage</name>
            <failure>
                <message>AssertionError: Не отображаются тайтлы марок на странице Всех марок</message>
                <stack-trace>java.lang.AssertionError: Не отображаются тайтлы марок на странице Всех марок
	at org.testng.AssertJUnit.fail(AssertJUnit.java:59)
	at com.example.tests.TestsForMainPage.goToMarkPageAndToAllBrandsPage(TestsForMainPage.java:101)
	at sun.reflect.NativeMethodAccessorImpl.invoke0(Native Method)
	at sun.reflect.NativeMethodAccessorImpl.invoke(NativeMethodAccessorImpl.java:62)
	at sun.reflect.DelegatingMethodAccessorImpl.invoke(DelegatingMethodAccessorImpl.java:43)
	at java.lang.reflect.Method.invoke(Method.java:498)
	at org.testng.internal.MethodInvocationHelper.invokeMethod(MethodInvocationHelper.java:80)
	at org.testng.internal.Invoker.invokeMethod(Invoker.java:714)
	at org.testng.internal.Invoker.invokeTestMethod(Invoker.java:901)
	at org.testng.internal.Invoker.invokeTestMethods(Invoker.java:1231)
	at org.testng.internal.TestMethodWorker.invokeTestMethods(TestMethodWorker.java:127)
	at org.testng.internal.TestMethodWorker.run(TestMethodWorker.java:111)
	at java.util.concurrent.ThreadPoolExecutor.runWorker(ThreadPoolExecutor.java:1142)
	at java.util.concurrent.ThreadPoolExecutor$Worker.run(ThreadPoolExecutor.java:617)
	at java.lang.Thread.run(Thread.java:745)
</stack-trace>
            </failure>
            <steps/>
            <attachments/>
            <labels/>
        </test-case>
        <test-case start="1498204579306" stop="1498204591406" status="passed">
            <name>clickOnSubscriptionButton</name>
            <steps/>
            <attachments/>
            <labels/>
        </test-case>
        <test-case start="1498204591407" stop="1498204603510" status="passed">
            <name>countAdvertsOnSearchPage</name>
            <steps/>
            <attachments/>
            <labels/>
        </test-case>
        <test-case start="1498204603512" stop="1498204653596" status="passed">
            <name>customLinksUnderTabs</name>
            <steps/>
            <attachments/>
            <labels/>
        </test-case>
        <test-case start="1498204605425" stop="1498204612075" status="passed">
            <name>presenceElementsOnMainPage</name>
            <steps/>
            <attachments/>
            <labels/>
        </test-case>
        <test-case start="1498204612076" stop="1498204632097" status="passed">
            <name>presenceElementsOnMainPageMoskov</name>
            <steps/>
            <attachments/>
            <labels/>
        </test-case>
        <test-case start="1498204632098" stop="1498204674133" status="passed">
            <name>presenceIconsOfSocialNetworks</name>
            <steps/>
            <attachments/>
            <labels/>
        </test-case>
        <test-case start="1498204653598" stop="1498204666629" status="passed">
            <name>presenceTabsAndClickThem</name>
            <steps/>
            <attachments/>
            <labels/>
        </test-case>
        <test-case start="1498204666630" stop="1498204774105" status="passed">
            <name>sortingBy</name>
            <steps/>
            <attachments/>
            <labels/>
        </test-case>
        <test-case start="1498204674135" stop="1498204680100" status="passed">
            <name>presenceSeoTextInFooter</name>
            <steps/>
            <attachments/>
            <labels/>
        </test-case>
        <test-case start="1498204680102" stop="1498204694482" status="passed">
            <name>searchFieldWithPressedTabsCatalog</name>
            <steps/>
            <attachments/>
            <labels/>
        </test-case>
        <test-case start="1498204694492" stop="1498204747804" status="passed">
            <name>testSearchFieldWithPressedTabs</name>
            <steps/>
            <attachments/>
            <labels/>
        </test-case>
        <test-case start="1498204702453" stop="1498204894930" status="passed">
            <name>dropDownMenuHeaderSixdPart</name>
            <steps/>
            <attachments/>
            <labels/>
        </test-case>
        <test-case start="1498204747805" stop="1498204766048" status="passed">
            <name>testSearchFilterWithWalue</name>
            <steps/>
            <attachments/>
            <labels/>
        </test-case>
        <test-case start="1498204766049" stop="1498204785533" status="passed">
            <name>testWithEmptySearchFilter</name>
            <steps/>
            <attachments/>
            <labels/>
        </test-case>
        <test-case start="1498204789632" stop="1498204800966" status="passed">
            <name>adpageSeo</name>
            <steps/>
            <attachments/>
            <labels/>
        </test-case>
        <test-case start="1498204797326" stop="1498204816725" status="passed">
            <name>checkCountAdverts</name>
            <steps/>
            <attachments/>
            <labels/>
        </test-case>
        <test-case start="1498204800967" stop="1498204811302" status="passed">
            <name>markPageSeo</name>
            <steps/>
            <attachments/>
            <labels/>
        </test-case>
        <test-case start="1498204811303" stop="1498204822000" status="passed">
            <name>markPlusAuxiliaryFiltersPageSeo</name>
            <steps/>
            <attachments/>
            <labels/>
        </test-case>
        <test-case start="1498204816729" stop="1498204875049" status="passed">
            <name>initPopapOnFirstAndSecondSearchPages</name>
            <steps/>
            <attachments/>
            <labels/>
        </test-case>
        <test-case start="1498204822001" stop="1498204833185" status="passed">
            <name>markPlusModePlusAuxiliaryFilterslPageSeo</name>
            <steps/>
            <attachments/>
            <labels/>
        </test-case>
        <test-case start="1498204833188" stop="1498204845098" status="passed">
            <name>markPlusModelPageSeo</name>
            <steps/>
            <attachments/>
            <labels/>
        </test-case>
        <test-case start="1498204845100" stop="1498204863233" status="passed">
            <name>nofollowOnMainPage</name>
            <steps/>
            <attachments/>
            <labels/>
        </test-case>
        <test-case start="1498204863234" stop="1498205105523" status="passed">
            <name>outclicksOnAdvert</name>
            <steps/>
            <attachments/>
            <labels/>
        </test-case>
        <test-case start="1498204875050" stop="1498204889953" status="passed">
            <name>openStoOnMainPage</name>
            <steps/>
            <attachments/>
            <labels/>
        </test-case>
        <test-case start="1498204894931" stop="1498205087521" status="passed">
            <name>dropDownMenuHeaderThirdPart</name>
            <steps/>
            <attachments/>
            <labels/>
        </test-case>
        <test-case start="1498205105523" stop="1498205231535" status="passed">
            <name>seoForCastomLinksInTabs</name>
            <steps/>
            <attachments/>
            <labels/>
        </test-case>
        <test-case start="1498205231537" stop="1498205255347" status="passed">
            <name>seoMetaOnCustomLinkPages</name>
            <steps/>
            <attachments/>
            <labels/>
        </test-case>
        <test-case start="1498205255348" stop="1498205288421" status="passed">
            <name>seoMetaOnMainPage</name>
            <steps/>
            <attachments/>
            <labels/>
        </test-case>
        <test-case start="1498205288422" stop="1498205296403" status="passed">
            <name>seoOnLocationSearchPageCar</name>
            <steps/>
            <attachments/>
            <labels/>
        </test-case>
        <test-case start="1498205296404" stop="1498205304718" status="passed">
            <name>seoOnMainSearchPageCar</name>
            <steps/>
            <attachments/>
            <labels/>
        </test-case>
        <test-case start="1498205304718" stop="1498205312276" status="passed">
            <name>seoOnSearchPageOtherCategories</name>
            <steps/>
            <attachments/>
            <labels/>
        </test-case>
    </test-cases>
    <labels>
        <label name="framework" value="TestNG"/>
        <label name="language" value="JAVA"/>
    </labels>
</ns2:test-suite>
