{"uuid":"5d675282-9d18-4f55-ae23-f687f14104e0","historyId":"d6cbdc1155c23f22321a10f2ca8bc4e7","fullName":"com.example.tests.CurrentTests.initPopapOnFirstAndSecondSearchPages","labels":[{"name":"package","value":"com.example.tests.CurrentTests"},{"name":"testClass","value":"com.example.tests.CurrentTests"},{"name":"testMethod","value":"initPopapOnFirstAndSecondSearchPages"},{"name":"parentSuite","value":"Suite"},{"name":"suite","value":"Parallel Tests"},{"name":"subSuite","value":"com.example.tests.CurrentTests"},{"name":"host","value":"GorozheevPC"},{"name":"thread","value":"8280@GorozheevPC.pool-1-thread-3(15)"}],"links":[],"name":"initPopapOnFirstAndSecondSearchPages","status":"broken","statusDetails":{"known":false,"muted":false,"flaky":false,"message":"Unable to locate element: {\"method\":\"xpath\",\"selector\":\"html/body/section/div[2]/div/div[3]/div[1]/nav/ul/li[2]/a\"}\nCommand duration or timeout: 30.11 seconds\nFor documentation on this error, please visit: http://seleniumhq.org/exceptions/no_such_element.html\nBuild info: version: '2.53.1', revision: 'a36b8b1cd5757287168e54b817830adce9b0158d', time: '2016-06-30 19:26:09'\nSystem info: host: 'GorozheevPC', ip: '192.168.171.132', os.name: 'Windows 7', os.arch: 'amd64', os.version: '6.1', java.version: '1.8.0_151'\nDriver info: org.openqa.selenium.firefox.FirefoxDriver\nCapabilities [{applicationCacheEnabled=true, rotatable=false, handlesAlerts=true, databaseEnabled=true, version=45.0, platform=WINDOWS, nativeEvents=false, acceptSslCerts=true, webStorageEnabled=true, locationContextEnabled=true, browserName=firefox, takesScreenshot=true, javascriptEnabled=true, cssSelectorsEnabled=true}]\nSession ID: 972db900-15e3-4812-a986-a38ff8641024\n*** Element info: {Using=xpath, value=html/body/section/div[2]/div/div[3]/div[1]/nav/ul/li[2]/a}","trace":"org.openqa.selenium.NoSuchElementException: Unable to locate element: {\"method\":\"xpath\",\"selector\":\"html/body/section/div[2]/div/div[3]/div[1]/nav/ul/li[2]/a\"}\nCommand duration or timeout: 30.11 seconds\nFor documentation on this error, please visit: http://seleniumhq.org/exceptions/no_such_element.html\nBuild info: version: '2.53.1', revision: 'a36b8b1cd5757287168e54b817830adce9b0158d', time: '2016-06-30 19:26:09'\nSystem info: host: 'GorozheevPC', ip: '192.168.171.132', os.name: 'Windows 7', os.arch: 'amd64', os.version: '6.1', java.version: '1.8.0_151'\nDriver info: org.openqa.selenium.firefox.FirefoxDriver\nCapabilities [{applicationCacheEnabled=true, rotatable=false, handlesAlerts=true, databaseEnabled=true, version=45.0, platform=WINDOWS, nativeEvents=false, acceptSslCerts=true, webStorageEnabled=true, locationContextEnabled=true, browserName=firefox, takesScreenshot=true, javascriptEnabled=true, cssSelectorsEnabled=true}]\nSession ID: 972db900-15e3-4812-a986-a38ff8641024\n*** Element info: {Using=xpath, value=html/body/section/div[2]/div/div[3]/div[1]/nav/ul/li[2]/a}\r\n\tat sun.reflect.NativeConstructorAccessorImpl.newInstance0(Native Method)\r\n\tat sun.reflect.NativeConstructorAccessorImpl.newInstance(NativeConstructorAccessorImpl.java:62)\r\n\tat sun.reflect.DelegatingConstructorAccessorImpl.newInstance(DelegatingConstructorAccessorImpl.java:45)\r\n\tat java.lang.reflect.Constructor.newInstance(Constructor.java:423)\r\n\tat org.openqa.selenium.remote.ErrorHandler.createThrowable(ErrorHandler.java:206)\r\n\tat org.openqa.selenium.remote.ErrorHandler.throwIfResponseFailed(ErrorHandler.java:158)\r\n\tat org.openqa.selenium.remote.RemoteWebDriver.execute(RemoteWebDriver.java:678)\r\n\tat org.openqa.selenium.remote.RemoteWebDriver.findElement(RemoteWebDriver.java:363)\r\n\tat org.openqa.selenium.remote.RemoteWebDriver.findElementByXPath(RemoteWebDriver.java:500)\r\n\tat org.openqa.selenium.By$ByXPath.findElement(By.java:361)\r\n\tat org.openqa.selenium.remote.RemoteWebDriver.findElement(RemoteWebDriver.java:355)\r\n\tat com.example.tests.CurrentTests.initPopapOnFirstAndSecondSearchPages(CurrentTests.java:50)\r\n\tat sun.reflect.NativeMethodAccessorImpl.invoke0(Native Method)\r\n\tat sun.reflect.NativeMethodAccessorImpl.invoke(NativeMethodAccessorImpl.java:62)\r\n\tat sun.reflect.DelegatingMethodAccessorImpl.invoke(DelegatingMethodAccessorImpl.java:43)\r\n\tat java.lang.reflect.Method.invoke(Method.java:498)\r\n\tat org.testng.internal.MethodInvocationHelper.invokeMethod(MethodInvocationHelper.java:80)\r\n\tat org.testng.internal.Invoker.invokeMethod(Invoker.java:714)\r\n\tat org.testng.internal.Invoker.invokeTestMethod(Invoker.java:901)\r\n\tat org.testng.internal.Invoker.invokeTestMethods(Invoker.java:1231)\r\n\tat org.testng.internal.TestMethodWorker.invokeTestMethods(TestMethodWorker.java:127)\r\n\tat org.testng.internal.TestMethodWorker.run(TestMethodWorker.java:111)\r\n\tat java.util.concurrent.ThreadPoolExecutor.runWorker(ThreadPoolExecutor.java:1149)\r\n\tat java.util.concurrent.ThreadPoolExecutor$Worker.run(ThreadPoolExecutor.java:624)\r\n\tat java.lang.Thread.run(Thread.java:748)\r\nCaused by: org.openqa.selenium.NoSuchElementException: Unable to locate element: {\"method\":\"xpath\",\"selector\":\"html/body/section/div[2]/div/div[3]/div[1]/nav/ul/li[2]/a\"}\nFor documentation on this error, please visit: http://seleniumhq.org/exceptions/no_such_element.html\nBuild info: version: '2.53.1', revision: 'a36b8b1cd5757287168e54b817830adce9b0158d', time: '2016-06-30 19:26:09'\nSystem info: host: 'GorozheevPC', ip: '192.168.171.132', os.name: 'Windows 7', os.arch: 'amd64', os.version: '6.1', java.version: '1.8.0_151'\nDriver info: driver.version: unknown\r\n\tat <anonymous class>.FirefoxDriver.prototype.findElementInternal_(file:///C:/Users/GOROZH~1/AppData/Local/Temp/anonymous8372243882572542591webdriver-profile/extensions/fxdriver@googlecode.com/components/driver-component.js:10770)\r\n\tat <anonymous class>.fxdriver.Timer.prototype.setTimeout/<.notify(file:///C:/Users/GOROZH~1/AppData/Local/Temp/anonymous8372243882572542591webdriver-profile/extensions/fxdriver@googlecode.com/components/driver-component.js:625)\r\n"},"stage":"finished","start":1513933340315,"stop":1513933422606,"parameters":[]}